生成启动时间为 2016/3/30 21:49:22。
     1>项目“E:\资料\onedrive\code\opencv\openCV练习\cutImgByHand\cutImgByHand.vcxproj”在节点 2 上(Rebuild 个目标)。
     1>ClCompile:
         D:\Program Files\Microsoft Visual Studio 12.0\VC\bin\CL.exe /c /ZI /nologo /W3 /WX- /Od /Oy- /D WIN32 /D _DEBUG /D _CONSOLE /D _LIB /D _UNICODE /D UNICODE /Gm /EHsc /RTC1 /MTd /GS /fp:precise /Zc:wchar_t /Zc:forScope /Fo"Debug\\" /Fd"Debug\vc120.pdb" /Gd /TP /analyze- /errorReport:prompt cutImg.cpp
         cutImg.cpp
     1>d:\program files\opencv_lib\opencv\build\include\opencv2\flann\logger.h(66): warning C4996: 'fopen': This function or variable may be unsafe. Consider using fopen_s instead. To disable deprecation, use _CRT_SECURE_NO_WARNINGS. See online help for details.
                 d:\program files\microsoft visual studio 12.0\vc\include\stdio.h(211) : 参见“fopen”的声明
     1>d:\program files\opencv_lib\opencv\build\include\opencv2\legacy\blobtrack.hpp(187): warning C4996: 'strcpy': This function or variable may be unsafe. Consider using strcpy_s instead. To disable deprecation, use _CRT_SECURE_NO_WARNINGS. See online help for details.
                 d:\program files\microsoft visual studio 12.0\vc\include\string.h(112) : 参见“strcpy”的声明
     1>d:\program files\opencv_lib\opencv\build\include\opencv2\legacy\blobtrack.hpp(256): warning C4996: 'strcat': This function or variable may be unsafe. Consider using strcat_s instead. To disable deprecation, use _CRT_SECURE_NO_WARNINGS. See online help for details.
                 d:\program files\microsoft visual studio 12.0\vc\include\string.h(118) : 参见“strcat”的声明
     1>e:\资料\onedrive\code\opencv\opencv练习\cutimgbyhand\cutimg.cpp(224): warning C4996: 'sprintf': This function or variable may be unsafe. Consider using sprintf_s instead. To disable deprecation, use _CRT_SECURE_NO_WARNINGS. See online help for details.
                 d:\program files\microsoft visual studio 12.0\vc\include\stdio.h(356) : 参见“sprintf”的声明
       Link:
         D:\Program Files\Microsoft Visual Studio 12.0\VC\bin\link.exe /ERRORREPORT:PROMPT /OUT:"E:\资料\onedrive\code\opencv\openCV练习\船只流量统计测试\Debug\cutImgByHand.exe" /INCREMENTAL /NOLOGO IlmImfd.lib zlibd.lib libjasperd.lib libjpegd.lib libpngd.lib libtiffd.lib opencv_calib3d249d.lib opencv_contrib249d.lib opencv_core249d.lib opencv_features2d249d.lib opencv_flann249d.lib opencv_gpu249d.lib opencv_highgui249d.lib opencv_imgproc249d.lib opencv_legacy249d.lib opencv_ml249d.lib opencv_nonfree249d.lib opencv_objdetect249d.lib opencv_ocl249d.lib opencv_photo249d.lib opencv_stitching249d.lib opencv_superres249d.lib opencv_ts249d.lib opencv_video249d.lib opencv_videostab249d.lib kernel32.lib user32.lib gdi32.lib winspool.lib comdlg32.lib advapi32.lib shell32.lib ole32.lib oleaut32.lib uuid.lib odbc32.lib odbccp32.lib /MANIFEST /MANIFESTUAC:"level='asInvoker' uiAccess='false'" /manifest:embed /DEBUG /PDB:"E:\资料\onedrive\code\opencv\openCV练习\船只流量统计测试\Debug\cutImgByHand.pdb" /SUBSYSTEM:CONSOLE /TLBID:1 /DYNAMICBASE /NXCOMPAT /IMPLIB:"E:\资料\onedrive\code\opencv\openCV练习\船只流量统计测试\Debug\cutImgByHand.lib" /MACHINE:X86 Debug\cutImg.obj
         "E:\资料\onedrive\code\opencv\openCV练习\船只流量统计测试\Debug\可重复使用的轮子们.lib"
         cutImgByHand.vcxproj -> E:\资料\onedrive\code\opencv\openCV练习\船只流量统计测试\Debug\cutImgByHand.exe
     1>已完成生成项目“E:\资料\onedrive\code\opencv\openCV练习\cutImgByHand\cutImgByHand.vcxproj”(Rebuild 个目标)的操作。

生成成功。

已用时间 00:00:03.46
