生成启动时间为 2016/4/19 17:24:10。
     1>项目“E:\资料\onedrive\code\opencv\openCV练习\cutImgByHand\cutImgByHand.vcxproj”在节点 4 上(Rebuild 个目标)。
     1>ClCompile:
         D:\Program Files\Microsoft Visual Studio 12.0\VC\bin\x86_amd64\CL.exe /c /Zi /nologo /W3 /WX- /Od /D WIN32 /D _DEBUG /D _CONSOLE /D _LIB /D _UNICODE /D UNICODE /Gm /EHsc /RTC1 /MTd /GS /fp:precise /Zc:wchar_t /Zc:forScope /Fo"x64\Debug\\" /Fd"x64\Debug\vc120.pdb" /Gd /TP /errorReport:prompt cutImg.cpp
         cutImg.cpp
     1>D:\IP_CV_WorkSpace\OpenCVLib\build_with_extra_static\include\opencv2/core/mat.hpp(1965): warning C4819: 该文件包含不能在当前代码页(936)中表示的字符。请将该文件保存为 Unicode 格式以防止数据丢失
     1>D:\IP_CV_WorkSpace\OpenCVLib\build_with_extra_static\include\opencv2/core/persistence.hpp : warning C4819: 该文件包含不能在当前代码页(936)中表示的字符。请将该文件保存为 Unicode 格式以防止数据丢失
     1>D:\IP_CV_WorkSpace\OpenCVLib\build_with_extra_static\include\opencv2/core/utility.hpp : warning C4819: 该文件包含不能在当前代码页(936)中表示的字符。请将该文件保存为 Unicode 格式以防止数据丢失
     1>cutImg.cpp(130): warning C4244: “=”: 从“intptr_t”转换到“long”，可能丢失数据
     1>cutImg.cpp(227): warning C4996: 'sprintf': This function or variable may be unsafe. Consider using sprintf_s instead. To disable deprecation, use _CRT_SECURE_NO_WARNINGS. See online help for details.
                 D:\Program Files\Microsoft Visual Studio 12.0\VC\include\stdio.h(356) : 参见“sprintf”的声明
       Link:
         D:\Program Files\Microsoft Visual Studio 12.0\VC\bin\x86_amd64\link.exe /ERRORREPORT:PROMPT /OUT:"E:\资料\onedrive\code\opencv\openCV练习\船只流量统计测试\x64\Debug\cutImgByHand.exe" /INCREMENTAL /NOLOGO IlmImfd.lib libjasperd.lib libjpegd.lib libpngd.lib libprotobufd.lib libtiffd.lib libwebpd.lib opencv_aruco310d.lib opencv_bgsegm310d.lib opencv_calib3d310d.lib opencv_ccalib310d.lib opencv_core310d.lib opencv_datasets310d.lib opencv_dnn310d.lib opencv_dpm310d.lib opencv_face310d.lib opencv_features2d310d.lib opencv_flann310d.lib opencv_fuzzy310d.lib opencv_highgui310d.lib opencv_imgcodecs310d.lib opencv_imgproc310d.lib opencv_line_descriptor310d.lib opencv_ml310d.lib opencv_objdetect310d.lib opencv_optflow310d.lib opencv_photo310d.lib opencv_plot310d.lib opencv_reg310d.lib opencv_rgbd310d.lib opencv_saliency310d.lib opencv_shape310d.lib opencv_stereo310d.lib opencv_stitching310d.lib opencv_structured_light310d.lib opencv_superres310d.lib opencv_surface_matching310d.lib opencv_text310d.lib opencv_tracking310d.lib opencv_ts310d.lib opencv_video310d.lib opencv_videoio310d.lib opencv_videostab310d.lib opencv_xfeatures2d310d.lib opencv_ximgproc310d.lib opencv_xobjdetect310d.lib opencv_xphoto310d.lib zlibd.lib opencv_aruco310d.lib opencv_bgsegm310d.lib opencv_calib3d310d.lib opencv_ccalib310d.lib opencv_core310d.lib opencv_datasets310d.lib opencv_dnn310d.lib opencv_dpm310d.lib opencv_face310d.lib opencv_features2d310d.lib opencv_flann310d.lib opencv_fuzzy310d.lib opencv_highgui310d.lib opencv_imgcodecs310d.lib opencv_imgproc310d.lib opencv_line_descriptor310d.lib opencv_ml310d.lib opencv_objdetect310d.lib opencv_optflow310d.lib opencv_photo310d.lib opencv_plot310d.lib opencv_reg310d.lib opencv_rgbd310d.lib opencv_saliency310d.lib opencv_shape310d.lib opencv_stereo310d.lib opencv_stitching310d.lib opencv_structured_light310d.lib opencv_superres310d.lib opencv_surface_matching310d.lib opencv_text310d.lib opencv_tracking310d.lib opencv_ts310d.lib opencv_video310d.lib opencv_videoio310d.lib opencv_videostab310d.lib opencv_xfeatures2d310d.lib opencv_ximgproc310d.lib opencv_xobjdetect310d.lib opencv_xphoto310d.lib ippicvmt.lib kernel32.lib user32.lib gdi32.lib winspool.lib comdlg32.lib advapi32.lib shell32.lib ole32.lib oleaut32.lib uuid.lib odbc32.lib odbccp32.lib /MANIFEST /MANIFESTUAC:"level='asInvoker' uiAccess='false'" /manifest:embed /DEBUG /PDB:"E:\资料\onedrive\code\opencv\openCV练习\船只流量统计测试\x64\Debug\cutImgByHand.pdb" /SUBSYSTEM:CONSOLE /TLBID:1 /DYNAMICBASE /NXCOMPAT /IMPLIB:"E:\资料\onedrive\code\opencv\openCV练习\船只流量统计测试\x64\Debug\cutImgByHand.lib" /MACHINE:X64 x64\Debug\cutImg.obj
         "E:\资料\onedrive\code\opencv\openCV练习\船只流量统计测试\x64\Debug\可重复使用的轮子们.lib"
     1>IlmImfd.lib(half.obj) : warning LNK4099: 未找到 PDB“ilmimfd.pdb”(使用“IlmImfd.lib(half.obj)”或在“E:\资料\onedrive\code\opencv\openCV练习\船只流量统计测试\x64\Debug\ilmimfd.pdb”中寻找)；正在链接对象，如同没有调试信息一样
     1>IlmImfd.lib(IexBaseExc.obj) : warning LNK4099: 未找到 PDB“ilmimfd.pdb”(使用“IlmImfd.lib(IexBaseExc.obj)”或在“E:\资料\onedrive\code\opencv\openCV练习\船只流量统计测试\x64\Debug\ilmimfd.pdb”中寻找)；正在链接对象，如同没有调试信息一样
     1>IlmImfd.lib(IexThrowErrnoExc.obj) : warning LNK4099: 未找到 PDB“ilmimfd.pdb”(使用“IlmImfd.lib(IexThrowErrnoExc.obj)”或在“E:\资料\onedrive\code\opencv\openCV练习\船只流量统计测试\x64\Debug\ilmimfd.pdb”中寻找)；正在链接对象，如同没有调试信息一样
     1>IlmImfd.lib(IlmThreadMutexWin32.obj) : warning LNK4099: 未找到 PDB“ilmimfd.pdb”(使用“IlmImfd.lib(IlmThreadMutexWin32.obj)”或在“E:\资料\onedrive\code\opencv\openCV练习\船只流量统计测试\x64\Debug\ilmimfd.pdb”中寻找)；正在链接对象，如同没有调试信息一样
     1>IlmImfd.lib(IlmThreadPool.obj) : warning LNK4099: 未找到 PDB“ilmimfd.pdb”(使用“IlmImfd.lib(IlmThreadPool.obj)”或在“E:\资料\onedrive\code\opencv\openCV练习\船只流量统计测试\x64\Debug\ilmimfd.pdb”中寻找)；正在链接对象，如同没有调试信息一样
     1>IlmImfd.lib(IlmThreadSemaphoreWin32.obj) : warning LNK4099: 未找到 PDB“ilmimfd.pdb”(使用“IlmImfd.lib(IlmThreadSemaphoreWin32.obj)”或在“E:\资料\onedrive\code\opencv\openCV练习\船只流量统计测试\x64\Debug\ilmimfd.pdb”中寻找)；正在链接对象，如同没有调试信息一样
     1>IlmImfd.lib(IlmThreadWin32.obj) : warning LNK4099: 未找到 PDB“ilmimfd.pdb”(使用“IlmImfd.lib(IlmThreadWin32.obj)”或在“E:\资料\onedrive\code\opencv\openCV练习\船只流量统计测试\x64\Debug\ilmimfd.pdb”中寻找)；正在链接对象，如同没有调试信息一样
     1>IlmImfd.lib(ImfAttribute.obj) : warning LNK4099: 未找到 PDB“ilmimfd.pdb”(使用“IlmImfd.lib(ImfAttribute.obj)”或在“E:\资料\onedrive\code\opencv\openCV练习\船只流量统计测试\x64\Debug\ilmimfd.pdb”中寻找)；正在链接对象，如同没有调试信息一样
     1>IlmImfd.lib(ImfB44Compressor.obj) : warning LNK4099: 未找到 PDB“ilmimfd.pdb”(使用“IlmImfd.lib(ImfB44Compressor.obj)”或在“E:\资料\onedrive\code\opencv\openCV练习\船只流量统计测试\x64\Debug\ilmimfd.pdb”中寻找)；正在链接对象，如同没有调试信息一样
     1>IlmImfd.lib(ImfBoxAttribute.obj) : warning LNK4099: 未找到 PDB“ilmimfd.pdb”(使用“IlmImfd.lib(ImfBoxAttribute.obj)”或在“E:\资料\onedrive\code\opencv\openCV练习\船只流量统计测试\x64\Debug\ilmimfd.pdb”中寻找)；正在链接对象，如同没有调试信息一样
     1>IlmImfd.lib(ImfChannelList.obj) : warning LNK4099: 未找到 PDB“ilmimfd.pdb”(使用“IlmImfd.lib(ImfChannelList.obj)”或在“E:\资料\onedrive\code\opencv\openCV练习\船只流量统计测试\x64\Debug\ilmimfd.pdb”中寻找)；正在链接对象，如同没有调试信息一样
     1>IlmImfd.lib(ImfChannelListAttribute.obj) : warning LNK4099: 未找到 PDB“ilmimfd.pdb”(使用“IlmImfd.lib(ImfChannelListAttribute.obj)”或在“E:\资料\onedrive\code\opencv\openCV练习\船只流量统计测试\x64\Debug\ilmimfd.pdb”中寻找)；正在链接对象，如同没有调试信息一样
     1>IlmImfd.lib(ImfChromaticities.obj) : warning LNK4099: 未找到 PDB“ilmimfd.pdb”(使用“IlmImfd.lib(ImfChromaticities.obj)”或在“E:\资料\onedrive\code\opencv\openCV练习\船只流量统计测试\x64\Debug\ilmimfd.pdb”中寻找)；正在链接对象，如同没有调试信息一样
     1>IlmImfd.lib(ImfChromaticitiesAttribute.obj) : warning LNK4099: 未找到 PDB“ilmimfd.pdb”(使用“IlmImfd.lib(ImfChromaticitiesAttribute.obj)”或在“E:\资料\onedrive\code\opencv\openCV练习\船只流量统计测试\x64\Debug\ilmimfd.pdb”中寻找)；正在链接对象，如同没有调试信息一样
     1>IlmImfd.lib(ImfCompressionAttribute.obj) : warning LNK4099: 未找到 PDB“ilmimfd.pdb”(使用“IlmImfd.lib(ImfCompressionAttribute.obj)”或在“E:\资料\onedrive\code\opencv\openCV练习\船只流量统计测试\x64\Debug\ilmimfd.pdb”中寻找)；正在链接对象，如同没有调试信息一样
     1>IlmImfd.lib(ImfCompressor.obj) : warning LNK4099: 未找到 PDB“ilmimfd.pdb”(使用“IlmImfd.lib(ImfCompressor.obj)”或在“E:\资料\onedrive\code\opencv\openCV练习\船只流量统计测试\x64\Debug\ilmimfd.pdb”中寻找)；正在链接对象，如同没有调试信息一样
     1>IlmImfd.lib(ImfConvert.obj) : warning LNK4099: 未找到 PDB“ilmimfd.pdb”(使用“IlmImfd.lib(ImfConvert.obj)”或在“E:\资料\onedrive\code\opencv\openCV练习\船只流量统计测试\x64\Debug\ilmimfd.pdb”中寻找)；正在链接对象，如同没有调试信息一样
     1>IlmImfd.lib(ImfDoubleAttribute.obj) : warning LNK4099: 未找到 PDB“ilmimfd.pdb”(使用“IlmImfd.lib(ImfDoubleAttribute.obj)”或在“E:\资料\onedrive\code\opencv\openCV练习\船只流量统计测试\x64\Debug\ilmimfd.pdb”中寻找)；正在链接对象，如同没有调试信息一样
     1>IlmImfd.lib(ImfEnvmapAttribute.obj) : warning LNK4099: 未找到 PDB“ilmimfd.pdb”(使用“IlmImfd.lib(ImfEnvmapAttribute.obj)”或在“E:\资料\onedrive\code\opencv\openCV练习\船只流量统计测试\x64\Debug\ilmimfd.pdb”中寻找)；正在链接对象，如同没有调试信息一样
     1>IlmImfd.lib(ImfFloatAttribute.obj) : warning LNK4099: 未找到 PDB“ilmimfd.pdb”(使用“IlmImfd.lib(ImfFloatAttribute.obj)”或在“E:\资料\onedrive\code\opencv\openCV练习\船只流量统计测试\x64\Debug\ilmimfd.pdb”中寻找)；正在链接对象，如同没有调试信息一样
     1>IlmImfd.lib(ImfFrameBuffer.obj) : warning LNK4099: 未找到 PDB“ilmimfd.pdb”(使用“IlmImfd.lib(ImfFrameBuffer.obj)”或在“E:\资料\onedrive\code\opencv\openCV练习\船只流量统计测试\x64\Debug\ilmimfd.pdb”中寻找)；正在链接对象，如同没有调试信息一样
     1>IlmImfd.lib(ImfHeader.obj) : warning LNK4099: 未找到 PDB“ilmimfd.pdb”(使用“IlmImfd.lib(ImfHeader.obj)”或在“E:\资料\onedrive\code\opencv\openCV练习\船只流量统计测试\x64\Debug\ilmimfd.pdb”中寻找)；正在链接对象，如同没有调试信息一样
     1>IlmImfd.lib(ImfHuf.obj) : warning LNK4099: 未找到 PDB“ilmimfd.pdb”(使用“IlmImfd.lib(ImfHuf.obj)”或在“E:\资料\onedrive\code\opencv\openCV练习\船只流量统计测试\x64\Debug\ilmimfd.pdb”中寻找)；正在链接对象，如同没有调试信息一样
     1>IlmImfd.lib(ImfInputFile.obj) : warning LNK4099: 未找到 PDB“ilmimfd.pdb”(使用“IlmImfd.lib(ImfInputFile.obj)”或在“E:\资料\onedrive\code\opencv\openCV练习\船只流量统计测试\x64\Debug\ilmimfd.pdb”中寻找)；正在链接对象，如同没有调试信息一样
     1>IlmImfd.lib(ImfIntAttribute.obj) : warning LNK4099: 未找到 PDB“ilmimfd.pdb”(使用“IlmImfd.lib(ImfIntAttribute.obj)”或在“E:\资料\onedrive\code\opencv\openCV练习\船只流量统计测试\x64\Debug\ilmimfd.pdb”中寻找)；正在链接对象，如同没有调试信息一样
     1>IlmImfd.lib(ImfIO.obj) : warning LNK4099: 未找到 PDB“ilmimfd.pdb”(使用“IlmImfd.lib(ImfIO.obj)”或在“E:\资料\onedrive\code\opencv\openCV练习\船只流量统计测试\x64\Debug\ilmimfd.pdb”中寻找)；正在链接对象，如同没有调试信息一样
     1>IlmImfd.lib(ImfKeyCode.obj) : warning LNK4099: 未找到 PDB“ilmimfd.pdb”(使用“IlmImfd.lib(ImfKeyCode.obj)”或在“E:\资料\onedrive\code\opencv\openCV练习\船只流量统计测试\x64\Debug\ilmimfd.pdb”中寻找)；正在链接对象，如同没有调试信息一样
     1>IlmImfd.lib(ImfKeyCodeAttribute.obj) : warning LNK4099: 未找到 PDB“ilmimfd.pdb”(使用“IlmImfd.lib(ImfKeyCodeAttribute.obj)”或在“E:\资料\onedrive\code\opencv\openCV练习\船只流量统计测试\x64\Debug\ilmimfd.pdb”中寻找)；正在链接对象，如同没有调试信息一样
     1>IlmImfd.lib(ImfLineOrderAttribute.obj) : warning LNK4099: 未找到 PDB“ilmimfd.pdb”(使用“IlmImfd.lib(ImfLineOrderAttribute.obj)”或在“E:\资料\onedrive\code\opencv\openCV练习\船只流量统计测试\x64\Debug\ilmimfd.pdb”中寻找)；正在链接对象，如同没有调试信息一样
     1>IlmImfd.lib(ImfMatrixAttribute.obj) : warning LNK4099: 未找到 PDB“ilmimfd.pdb”(使用“IlmImfd.lib(ImfMatrixAttribute.obj)”或在“E:\资料\onedrive\code\opencv\openCV练习\船只流量统计测试\x64\Debug\ilmimfd.pdb”中寻找)；正在链接对象，如同没有调试信息一样
     1>IlmImfd.lib(ImfMisc.obj) : warning LNK4099: 未找到 PDB“ilmimfd.pdb”(使用“IlmImfd.lib(ImfMisc.obj)”或在“E:\资料\onedrive\code\opencv\openCV练习\船只流量统计测试\x64\Debug\ilmimfd.pdb”中寻找)；正在链接对象，如同没有调试信息一样
     1>IlmImfd.lib(ImfOpaqueAttribute.obj) : warning LNK4099: 未找到 PDB“ilmimfd.pdb”(使用“IlmImfd.lib(ImfOpaqueAttribute.obj)”或在“E:\资料\onedrive\code\opencv\openCV练习\船只流量统计测试\x64\Debug\ilmimfd.pdb”中寻找)；正在链接对象，如同没有调试信息一样
     1>IlmImfd.lib(ImfOutputFile.obj) : warning LNK4099: 未找到 PDB“ilmimfd.pdb”(使用“IlmImfd.lib(ImfOutputFile.obj)”或在“E:\资料\onedrive\code\opencv\openCV练习\船只流量统计测试\x64\Debug\ilmimfd.pdb”中寻找)；正在链接对象，如同没有调试信息一样
     1>IlmImfd.lib(ImfPizCompressor.obj) : warning LNK4099: 未找到 PDB“ilmimfd.pdb”(使用“IlmImfd.lib(ImfPizCompressor.obj)”或在“E:\资料\onedrive\code\opencv\openCV练习\船只流量统计测试\x64\Debug\ilmimfd.pdb”中寻找)；正在链接对象，如同没有调试信息一样
     1>IlmImfd.lib(ImfPreviewImage.obj) : warning LNK4099: 未找到 PDB“ilmimfd.pdb”(使用“IlmImfd.lib(ImfPreviewImage.obj)”或在“E:\资料\onedrive\code\opencv\openCV练习\船只流量统计测试\x64\Debug\ilmimfd.pdb”中寻找)；正在链接对象，如同没有调试信息一样
     1>IlmImfd.lib(ImfPreviewImageAttribute.obj) : warning LNK4099: 未找到 PDB“ilmimfd.pdb”(使用“IlmImfd.lib(ImfPreviewImageAttribute.obj)”或在“E:\资料\onedrive\code\opencv\openCV练习\船只流量统计测试\x64\Debug\ilmimfd.pdb”中寻找)；正在链接对象，如同没有调试信息一样
     1>IlmImfd.lib(ImfPxr24Compressor.obj) : warning LNK4099: 未找到 PDB“ilmimfd.pdb”(使用“IlmImfd.lib(ImfPxr24Compressor.obj)”或在“E:\资料\onedrive\code\opencv\openCV练习\船只流量统计测试\x64\Debug\ilmimfd.pdb”中寻找)；正在链接对象，如同没有调试信息一样
     1>IlmImfd.lib(ImfRationalAttribute.obj) : warning LNK4099: 未找到 PDB“ilmimfd.pdb”(使用“IlmImfd.lib(ImfRationalAttribute.obj)”或在“E:\资料\onedrive\code\opencv\openCV练习\船只流量统计测试\x64\Debug\ilmimfd.pdb”中寻找)；正在链接对象，如同没有调试信息一样
     1>IlmImfd.lib(ImfRleCompressor.obj) : warning LNK4099: 未找到 PDB“ilmimfd.pdb”(使用“IlmImfd.lib(ImfRleCompressor.obj)”或在“E:\资料\onedrive\code\opencv\openCV练习\船只流量统计测试\x64\Debug\ilmimfd.pdb”中寻找)；正在链接对象，如同没有调试信息一样
     1>IlmImfd.lib(ImfScanLineInputFile.obj) : warning LNK4099: 未找到 PDB“ilmimfd.pdb”(使用“IlmImfd.lib(ImfScanLineInputFile.obj)”或在“E:\资料\onedrive\code\opencv\openCV练习\船只流量统计测试\x64\Debug\ilmimfd.pdb”中寻找)；正在链接对象，如同没有调试信息一样
     1>IlmImfd.lib(ImfStandardAttributes.obj) : warning LNK4099: 未找到 PDB“ilmimfd.pdb”(使用“IlmImfd.lib(ImfStandardAttributes.obj)”或在“E:\资料\onedrive\code\opencv\openCV练习\船只流量统计测试\x64\Debug\ilmimfd.pdb”中寻找)；正在链接对象，如同没有调试信息一样
     1>IlmImfd.lib(ImfStdIO.obj) : warning LNK4099: 未找到 PDB“ilmimfd.pdb”(使用“IlmImfd.lib(ImfStdIO.obj)”或在“E:\资料\onedrive\code\opencv\openCV练习\船只流量统计测试\x64\Debug\ilmimfd.pdb”中寻找)；正在链接对象，如同没有调试信息一样
     1>IlmImfd.lib(ImfStringAttribute.obj) : warning LNK4099: 未找到 PDB“ilmimfd.pdb”(使用“IlmImfd.lib(ImfStringAttribute.obj)”或在“E:\资料\onedrive\code\opencv\openCV练习\船只流量统计测试\x64\Debug\ilmimfd.pdb”中寻找)；正在链接对象，如同没有调试信息一样
     1>IlmImfd.lib(ImfStringVectorAttribute.obj) : warning LNK4099: 未找到 PDB“ilmimfd.pdb”(使用“IlmImfd.lib(ImfStringVectorAttribute.obj)”或在“E:\资料\onedrive\code\opencv\openCV练习\船只流量统计测试\x64\Debug\ilmimfd.pdb”中寻找)；正在链接对象，如同没有调试信息一样
     1>IlmImfd.lib(ImfThreading.obj) : warning LNK4099: 未找到 PDB“ilmimfd.pdb”(使用“IlmImfd.lib(ImfThreading.obj)”或在“E:\资料\onedrive\code\opencv\openCV练习\船只流量统计测试\x64\Debug\ilmimfd.pdb”中寻找)；正在链接对象，如同没有调试信息一样
     1>IlmImfd.lib(ImfTileDescriptionAttribute.obj) : warning LNK4099: 未找到 PDB“ilmimfd.pdb”(使用“IlmImfd.lib(ImfTileDescriptionAttribute.obj)”或在“E:\资料\onedrive\code\opencv\openCV练习\船只流量统计测试\x64\Debug\ilmimfd.pdb”中寻找)；正在链接对象，如同没有调试信息一样
     1>IlmImfd.lib(ImfTiledInputFile.obj) : warning LNK4099: 未找到 PDB“ilmimfd.pdb”(使用“IlmImfd.lib(ImfTiledInputFile.obj)”或在“E:\资料\onedrive\code\opencv\openCV练习\船只流量统计测试\x64\Debug\ilmimfd.pdb”中寻找)；正在链接对象，如同没有调试信息一样
     1>IlmImfd.lib(ImfTiledMisc.obj) : warning LNK4099: 未找到 PDB“ilmimfd.pdb”(使用“IlmImfd.lib(ImfTiledMisc.obj)”或在“E:\资料\onedrive\code\opencv\openCV练习\船只流量统计测试\x64\Debug\ilmimfd.pdb”中寻找)；正在链接对象，如同没有调试信息一样
     1>IlmImfd.lib(ImfTileOffsets.obj) : warning LNK4099: 未找到 PDB“ilmimfd.pdb”(使用“IlmImfd.lib(ImfTileOffsets.obj)”或在“E:\资料\onedrive\code\opencv\openCV练习\船只流量统计测试\x64\Debug\ilmimfd.pdb”中寻找)；正在链接对象，如同没有调试信息一样
     1>IlmImfd.lib(ImfTimeCode.obj) : warning LNK4099: 未找到 PDB“ilmimfd.pdb”(使用“IlmImfd.lib(ImfTimeCode.obj)”或在“E:\资料\onedrive\code\opencv\openCV练习\船只流量统计测试\x64\Debug\ilmimfd.pdb”中寻找)；正在链接对象，如同没有调试信息一样
     1>IlmImfd.lib(ImfTimeCodeAttribute.obj) : warning LNK4099: 未找到 PDB“ilmimfd.pdb”(使用“IlmImfd.lib(ImfTimeCodeAttribute.obj)”或在“E:\资料\onedrive\code\opencv\openCV练习\船只流量统计测试\x64\Debug\ilmimfd.pdb”中寻找)；正在链接对象，如同没有调试信息一样
     1>IlmImfd.lib(ImfVecAttribute.obj) : warning LNK4099: 未找到 PDB“ilmimfd.pdb”(使用“IlmImfd.lib(ImfVecAttribute.obj)”或在“E:\资料\onedrive\code\opencv\openCV练习\船只流量统计测试\x64\Debug\ilmimfd.pdb”中寻找)；正在链接对象，如同没有调试信息一样
     1>IlmImfd.lib(ImfWav.obj) : warning LNK4099: 未找到 PDB“ilmimfd.pdb”(使用“IlmImfd.lib(ImfWav.obj)”或在“E:\资料\onedrive\code\opencv\openCV练习\船只流量统计测试\x64\Debug\ilmimfd.pdb”中寻找)；正在链接对象，如同没有调试信息一样
     1>IlmImfd.lib(ImfZipCompressor.obj) : warning LNK4099: 未找到 PDB“ilmimfd.pdb”(使用“IlmImfd.lib(ImfZipCompressor.obj)”或在“E:\资料\onedrive\code\opencv\openCV练习\船只流量统计测试\x64\Debug\ilmimfd.pdb”中寻找)；正在链接对象，如同没有调试信息一样
     1>libjasperd.lib(jas_cm.obj) : warning LNK4099: 未找到 PDB“libjasperd.pdb”(使用“libjasperd.lib(jas_cm.obj)”或在“E:\资料\onedrive\code\opencv\openCV练习\船只流量统计测试\x64\Debug\libjasperd.pdb”中寻找)；正在链接对象，如同没有调试信息一样
     1>libjasperd.lib(jas_debug.obj) : warning LNK4099: 未找到 PDB“libjasperd.pdb”(使用“libjasperd.lib(jas_debug.obj)”或在“E:\资料\onedrive\code\opencv\openCV练习\船只流量统计测试\x64\Debug\libjasperd.pdb”中寻找)；正在链接对象，如同没有调试信息一样
     1>libjasperd.lib(jas_icc.obj) : warning LNK4099: 未找到 PDB“libjasperd.pdb”(使用“libjasperd.lib(jas_icc.obj)”或在“E:\资料\onedrive\code\opencv\openCV练习\船只流量统计测试\x64\Debug\libjasperd.pdb”中寻找)；正在链接对象，如同没有调试信息一样
     1>libjasperd.lib(jas_iccdata.obj) : warning LNK4099: 未找到 PDB“libjasperd.pdb”(使用“libjasperd.lib(jas_iccdata.obj)”或在“E:\资料\onedrive\code\opencv\openCV练习\船只流量统计测试\x64\Debug\libjasperd.pdb”中寻找)；正在链接对象，如同没有调试信息一样
     1>libjasperd.lib(jas_image.obj) : warning LNK4099: 未找到 PDB“libjasperd.pdb”(使用“libjasperd.lib(jas_image.obj)”或在“E:\资料\onedrive\code\opencv\openCV练习\船只流量统计测试\x64\Debug\libjasperd.pdb”中寻找)；正在链接对象，如同没有调试信息一样
     1>libjasperd.lib(jas_init.obj) : warning LNK4099: 未找到 PDB“libjasperd.pdb”(使用“libjasperd.lib(jas_init.obj)”或在“E:\资料\onedrive\code\opencv\openCV练习\船只流量统计测试\x64\Debug\libjasperd.pdb”中寻找)；正在链接对象，如同没有调试信息一样
     1>libjasperd.lib(jas_malloc.obj) : warning LNK4099: 未找到 PDB“libjasperd.pdb”(使用“libjasperd.lib(jas_malloc.obj)”或在“E:\资料\onedrive\code\opencv\openCV练习\船只流量统计测试\x64\Debug\libjasperd.pdb”中寻找)；正在链接对象，如同没有调试信息一样
     1>libjasperd.lib(jas_seq.obj) : warning LNK4099: 未找到 PDB“libjasperd.pdb”(使用“libjasperd.lib(jas_seq.obj)”或在“E:\资料\onedrive\code\opencv\openCV练习\船只流量统计测试\x64\Debug\libjasperd.pdb”中寻找)；正在链接对象，如同没有调试信息一样
     1>libjasperd.lib(jas_stream.obj) : warning LNK4099: 未找到 PDB“libjasperd.pdb”(使用“libjasperd.lib(jas_stream.obj)”或在“E:\资料\onedrive\code\opencv\openCV练习\船只流量统计测试\x64\Debug\libjasperd.pdb”中寻找)；正在链接对象，如同没有调试信息一样
     1>libjasperd.lib(jas_string.obj) : warning LNK4099: 未找到 PDB“libjasperd.pdb”(使用“libjasperd.lib(jas_string.obj)”或在“E:\资料\onedrive\code\opencv\openCV练习\船只流量统计测试\x64\Debug\libjasperd.pdb”中寻找)；正在链接对象，如同没有调试信息一样
     1>libjasperd.lib(jas_tvp.obj) : warning LNK4099: 未找到 PDB“libjasperd.pdb”(使用“libjasperd.lib(jas_tvp.obj)”或在“E:\资料\onedrive\code\opencv\openCV练习\船只流量统计测试\x64\Debug\libjasperd.pdb”中寻找)；正在链接对象，如同没有调试信息一样
     1>libjasperd.lib(jas_version.obj) : warning LNK4099: 未找到 PDB“libjasperd.pdb”(使用“libjasperd.lib(jas_version.obj)”或在“E:\资料\onedrive\code\opencv\openCV练习\船只流量统计测试\x64\Debug\libjasperd.pdb”中寻找)；正在链接对象，如同没有调试信息一样
     1>libjasperd.lib(jp2_cod.obj) : warning LNK4099: 未找到 PDB“libjasperd.pdb”(使用“libjasperd.lib(jp2_cod.obj)”或在“E:\资料\onedrive\code\opencv\openCV练习\船只流量统计测试\x64\Debug\libjasperd.pdb”中寻找)；正在链接对象，如同没有调试信息一样
     1>libjasperd.lib(jp2_dec.obj) : warning LNK4099: 未找到 PDB“libjasperd.pdb”(使用“libjasperd.lib(jp2_dec.obj)”或在“E:\资料\onedrive\code\opencv\openCV练习\船只流量统计测试\x64\Debug\libjasperd.pdb”中寻找)；正在链接对象，如同没有调试信息一样
     1>libjasperd.lib(jp2_enc.obj) : warning LNK4099: 未找到 PDB“libjasperd.pdb”(使用“libjasperd.lib(jp2_enc.obj)”或在“E:\资料\onedrive\code\opencv\openCV练习\船只流量统计测试\x64\Debug\libjasperd.pdb”中寻找)；正在链接对象，如同没有调试信息一样
     1>libjasperd.lib(jpc_bs.obj) : warning LNK4099: 未找到 PDB“libjasperd.pdb”(使用“libjasperd.lib(jpc_bs.obj)”或在“E:\资料\onedrive\code\opencv\openCV练习\船只流量统计测试\x64\Debug\libjasperd.pdb”中寻找)；正在链接对象，如同没有调试信息一样
     1>libjasperd.lib(jpc_cs.obj) : warning LNK4099: 未找到 PDB“libjasperd.pdb”(使用“libjasperd.lib(jpc_cs.obj)”或在“E:\资料\onedrive\code\opencv\openCV练习\船只流量统计测试\x64\Debug\libjasperd.pdb”中寻找)；正在链接对象，如同没有调试信息一样
     1>libjasperd.lib(jpc_dec.obj) : warning LNK4099: 未找到 PDB“libjasperd.pdb”(使用“libjasperd.lib(jpc_dec.obj)”或在“E:\资料\onedrive\code\opencv\openCV练习\船只流量统计测试\x64\Debug\libjasperd.pdb”中寻找)；正在链接对象，如同没有调试信息一样
     1>libjasperd.lib(jpc_enc.obj) : warning LNK4099: 未找到 PDB“libjasperd.pdb”(使用“libjasperd.lib(jpc_enc.obj)”或在“E:\资料\onedrive\code\opencv\openCV练习\船只流量统计测试\x64\Debug\libjasperd.pdb”中寻找)；正在链接对象，如同没有调试信息一样
     1>libjasperd.lib(jpc_math.obj) : warning LNK4099: 未找到 PDB“libjasperd.pdb”(使用“libjasperd.lib(jpc_math.obj)”或在“E:\资料\onedrive\code\opencv\openCV练习\船只流量统计测试\x64\Debug\libjasperd.pdb”中寻找)；正在链接对象，如同没有调试信息一样
     1>libjasperd.lib(jpc_mct.obj) : warning LNK4099: 未找到 PDB“libjasperd.pdb”(使用“libjasperd.lib(jpc_mct.obj)”或在“E:\资料\onedrive\code\opencv\openCV练习\船只流量统计测试\x64\Debug\libjasperd.pdb”中寻找)；正在链接对象，如同没有调试信息一样
     1>libjasperd.lib(jpc_mqcod.obj) : warning LNK4099: 未找到 PDB“libjasperd.pdb”(使用“libjasperd.lib(jpc_mqcod.obj)”或在“E:\资料\onedrive\code\opencv\openCV练习\船只流量统计测试\x64\Debug\libjasperd.pdb”中寻找)；正在链接对象，如同没有调试信息一样
     1>libjasperd.lib(jpc_mqdec.obj) : warning LNK4099: 未找到 PDB“libjasperd.pdb”(使用“libjasperd.lib(jpc_mqdec.obj)”或在“E:\资料\onedrive\code\opencv\openCV练习\船只流量统计测试\x64\Debug\libjasperd.pdb”中寻找)；正在链接对象，如同没有调试信息一样
     1>libjasperd.lib(jpc_mqenc.obj) : warning LNK4099: 未找到 PDB“libjasperd.pdb”(使用“libjasperd.lib(jpc_mqenc.obj)”或在“E:\资料\onedrive\code\opencv\openCV练习\船只流量统计测试\x64\Debug\libjasperd.pdb”中寻找)；正在链接对象，如同没有调试信息一样
     1>libjasperd.lib(jpc_qmfb.obj) : warning LNK4099: 未找到 PDB“libjasperd.pdb”(使用“libjasperd.lib(jpc_qmfb.obj)”或在“E:\资料\onedrive\code\opencv\openCV练习\船只流量统计测试\x64\Debug\libjasperd.pdb”中寻找)；正在链接对象，如同没有调试信息一样
     1>libjasperd.lib(jpc_t1cod.obj) : warning LNK4099: 未找到 PDB“libjasperd.pdb”(使用“libjasperd.lib(jpc_t1cod.obj)”或在“E:\资料\onedrive\code\opencv\openCV练习\船只流量统计测试\x64\Debug\libjasperd.pdb”中寻找)；正在链接对象，如同没有调试信息一样
     1>libjasperd.lib(jpc_t1dec.obj) : warning LNK4099: 未找到 PDB“libjasperd.pdb”(使用“libjasperd.lib(jpc_t1dec.obj)”或在“E:\资料\onedrive\code\opencv\openCV练习\船只流量统计测试\x64\Debug\libjasperd.pdb”中寻找)；正在链接对象，如同没有调试信息一样
     1>libjasperd.lib(jpc_t1enc.obj) : warning LNK4099: 未找到 PDB“libjasperd.pdb”(使用“libjasperd.lib(jpc_t1enc.obj)”或在“E:\资料\onedrive\code\opencv\openCV练习\船只流量统计测试\x64\Debug\libjasperd.pdb”中寻找)；正在链接对象，如同没有调试信息一样
     1>libjasperd.lib(jpc_t2cod.obj) : warning LNK4099: 未找到 PDB“libjasperd.pdb”(使用“libjasperd.lib(jpc_t2cod.obj)”或在“E:\资料\onedrive\code\opencv\openCV练习\船只流量统计测试\x64\Debug\libjasperd.pdb”中寻找)；正在链接对象，如同没有调试信息一样
     1>libjasperd.lib(jpc_t2dec.obj) : warning LNK4099: 未找到 PDB“libjasperd.pdb”(使用“libjasperd.lib(jpc_t2dec.obj)”或在“E:\资料\onedrive\code\opencv\openCV练习\船只流量统计测试\x64\Debug\libjasperd.pdb”中寻找)；正在链接对象，如同没有调试信息一样
     1>libjasperd.lib(jpc_t2enc.obj) : warning LNK4099: 未找到 PDB“libjasperd.pdb”(使用“libjasperd.lib(jpc_t2enc.obj)”或在“E:\资料\onedrive\code\opencv\openCV练习\船只流量统计测试\x64\Debug\libjasperd.pdb”中寻找)；正在链接对象，如同没有调试信息一样
     1>libjasperd.lib(jpc_tagtree.obj) : warning LNK4099: 未找到 PDB“libjasperd.pdb”(使用“libjasperd.lib(jpc_tagtree.obj)”或在“E:\资料\onedrive\code\opencv\openCV练习\船只流量统计测试\x64\Debug\libjasperd.pdb”中寻找)；正在链接对象，如同没有调试信息一样
     1>libjasperd.lib(jpc_tsfb.obj) : warning LNK4099: 未找到 PDB“libjasperd.pdb”(使用“libjasperd.lib(jpc_tsfb.obj)”或在“E:\资料\onedrive\code\opencv\openCV练习\船只流量统计测试\x64\Debug\libjasperd.pdb”中寻找)；正在链接对象，如同没有调试信息一样
     1>libjasperd.lib(jpc_util.obj) : warning LNK4099: 未找到 PDB“libjasperd.pdb”(使用“libjasperd.lib(jpc_util.obj)”或在“E:\资料\onedrive\code\opencv\openCV练习\船只流量统计测试\x64\Debug\libjasperd.pdb”中寻找)；正在链接对象，如同没有调试信息一样
     1>libjpegd.lib(jaricom.obj) : warning LNK4099: 未找到 PDB“libjpegd.pdb”(使用“libjpegd.lib(jaricom.obj)”或在“E:\资料\onedrive\code\opencv\openCV练习\船只流量统计测试\x64\Debug\libjpegd.pdb”中寻找)；正在链接对象，如同没有调试信息一样
     1>libjpegd.lib(jcapimin.obj) : warning LNK4099: 未找到 PDB“libjpegd.pdb”(使用“libjpegd.lib(jcapimin.obj)”或在“E:\资料\onedrive\code\opencv\openCV练习\船只流量统计测试\x64\Debug\libjpegd.pdb”中寻找)；正在链接对象，如同没有调试信息一样
     1>libjpegd.lib(jcapistd.obj) : warning LNK4099: 未找到 PDB“libjpegd.pdb”(使用“libjpegd.lib(jcapistd.obj)”或在“E:\资料\onedrive\code\opencv\openCV练习\船只流量统计测试\x64\Debug\libjpegd.pdb”中寻找)；正在链接对象，如同没有调试信息一样
     1>libjpegd.lib(jcarith.obj) : warning LNK4099: 未找到 PDB“libjpegd.pdb”(使用“libjpegd.lib(jcarith.obj)”或在“E:\资料\onedrive\code\opencv\openCV练习\船只流量统计测试\x64\Debug\libjpegd.pdb”中寻找)；正在链接对象，如同没有调试信息一样
     1>libjpegd.lib(jccoefct.obj) : warning LNK4099: 未找到 PDB“libjpegd.pdb”(使用“libjpegd.lib(jccoefct.obj)”或在“E:\资料\onedrive\code\opencv\openCV练习\船只流量统计测试\x64\Debug\libjpegd.pdb”中寻找)；正在链接对象，如同没有调试信息一样
     1>libjpegd.lib(jccolor.obj) : warning LNK4099: 未找到 PDB“libjpegd.pdb”(使用“libjpegd.lib(jccolor.obj)”或在“E:\资料\onedrive\code\opencv\openCV练习\船只流量统计测试\x64\Debug\libjpegd.pdb”中寻找)；正在链接对象，如同没有调试信息一样
     1>libjpegd.lib(jcdctmgr.obj) : warning LNK4099: 未找到 PDB“libjpegd.pdb”(使用“libjpegd.lib(jcdctmgr.obj)”或在“E:\资料\onedrive\code\opencv\openCV练习\船只流量统计测试\x64\Debug\libjpegd.pdb”中寻找)；正在链接对象，如同没有调试信息一样
     1>libjpegd.lib(jchuff.obj) : warning LNK4099: 未找到 PDB“libjpegd.pdb”(使用“libjpegd.lib(jchuff.obj)”或在“E:\资料\onedrive\code\opencv\openCV练习\船只流量统计测试\x64\Debug\libjpegd.pdb”中寻找)；正在链接对象，如同没有调试信息一样
     1>libjpegd.lib(jcinit.obj) : warning LNK4099: 未找到 PDB“libjpegd.pdb”(使用“libjpegd.lib(jcinit.obj)”或在“E:\资料\onedrive\code\opencv\openCV练习\船只流量统计测试\x64\Debug\libjpegd.pdb”中寻找)；正在链接对象，如同没有调试信息一样
     1>libjpegd.lib(jcmainct.obj) : warning LNK4099: 未找到 PDB“libjpegd.pdb”(使用“libjpegd.lib(jcmainct.obj)”或在“E:\资料\onedrive\code\opencv\openCV练习\船只流量统计测试\x64\Debug\libjpegd.pdb”中寻找)；正在链接对象，如同没有调试信息一样
     1>libjpegd.lib(jcmarker.obj) : warning LNK4099: 未找到 PDB“libjpegd.pdb”(使用“libjpegd.lib(jcmarker.obj)”或在“E:\资料\onedrive\code\opencv\openCV练习\船只流量统计测试\x64\Debug\libjpegd.pdb”中寻找)；正在链接对象，如同没有调试信息一样
     1>libjpegd.lib(jcmaster.obj) : warning LNK4099: 未找到 PDB“libjpegd.pdb”(使用“libjpegd.lib(jcmaster.obj)”或在“E:\资料\onedrive\code\opencv\openCV练习\船只流量统计测试\x64\Debug\libjpegd.pdb”中寻找)；正在链接对象，如同没有调试信息一样
     1>libjpegd.lib(jcomapi.obj) : warning LNK4099: 未找到 PDB“libjpegd.pdb”(使用“libjpegd.lib(jcomapi.obj)”或在“E:\资料\onedrive\code\opencv\openCV练习\船只流量统计测试\x64\Debug\libjpegd.pdb”中寻找)；正在链接对象，如同没有调试信息一样
     1>libjpegd.lib(jcparam.obj) : warning LNK4099: 未找到 PDB“libjpegd.pdb”(使用“libjpegd.lib(jcparam.obj)”或在“E:\资料\onedrive\code\opencv\openCV练习\船只流量统计测试\x64\Debug\libjpegd.pdb”中寻找)；正在链接对象，如同没有调试信息一样
     1>libjpegd.lib(jcprepct.obj) : warning LNK4099: 未找到 PDB“libjpegd.pdb”(使用“libjpegd.lib(jcprepct.obj)”或在“E:\资料\onedrive\code\opencv\openCV练习\船只流量统计测试\x64\Debug\libjpegd.pdb”中寻找)；正在链接对象，如同没有调试信息一样
     1>libjpegd.lib(jcsample.obj) : warning LNK4099: 未找到 PDB“libjpegd.pdb”(使用“libjpegd.lib(jcsample.obj)”或在“E:\资料\onedrive\code\opencv\openCV练习\船只流量统计测试\x64\Debug\libjpegd.pdb”中寻找)；正在链接对象，如同没有调试信息一样
     1>libjpegd.lib(jdapimin.obj) : warning LNK4099: 未找到 PDB“libjpegd.pdb”(使用“libjpegd.lib(jdapimin.obj)”或在“E:\资料\onedrive\code\opencv\openCV练习\船只流量统计测试\x64\Debug\libjpegd.pdb”中寻找)；正在链接对象，如同没有调试信息一样
     1>libjpegd.lib(jdapistd.obj) : warning LNK4099: 未找到 PDB“libjpegd.pdb”(使用“libjpegd.lib(jdapistd.obj)”或在“E:\资料\onedrive\code\opencv\openCV练习\船只流量统计测试\x64\Debug\libjpegd.pdb”中寻找)；正在链接对象，如同没有调试信息一样
     1>libjpegd.lib(jdarith.obj) : warning LNK4099: 未找到 PDB“libjpegd.pdb”(使用“libjpegd.lib(jdarith.obj)”或在“E:\资料\onedrive\code\opencv\openCV练习\船只流量统计测试\x64\Debug\libjpegd.pdb”中寻找)；正在链接对象，如同没有调试信息一样
     1>libjpegd.lib(jdatadst.obj) : warning LNK4099: 未找到 PDB“libjpegd.pdb”(使用“libjpegd.lib(jdatadst.obj)”或在“E:\资料\onedrive\code\opencv\openCV练习\船只流量统计测试\x64\Debug\libjpegd.pdb”中寻找)；正在链接对象，如同没有调试信息一样
     1>libjpegd.lib(jdatasrc.obj) : warning LNK4099: 未找到 PDB“libjpegd.pdb”(使用“libjpegd.lib(jdatasrc.obj)”或在“E:\资料\onedrive\code\opencv\openCV练习\船只流量统计测试\x64\Debug\libjpegd.pdb”中寻找)；正在链接对象，如同没有调试信息一样
     1>libjpegd.lib(jdcoefct.obj) : warning LNK4099: 未找到 PDB“libjpegd.pdb”(使用“libjpegd.lib(jdcoefct.obj)”或在“E:\资料\onedrive\code\opencv\openCV练习\船只流量统计测试\x64\Debug\libjpegd.pdb”中寻找)；正在链接对象，如同没有调试信息一样
     1>libjpegd.lib(jdcolor.obj) : warning LNK4099: 未找到 PDB“libjpegd.pdb”(使用“libjpegd.lib(jdcolor.obj)”或在“E:\资料\onedrive\code\opencv\openCV练习\船只流量统计测试\x64\Debug\libjpegd.pdb”中寻找)；正在链接对象，如同没有调试信息一样
     1>libjpegd.lib(jddctmgr.obj) : warning LNK4099: 未找到 PDB“libjpegd.pdb”(使用“libjpegd.lib(jddctmgr.obj)”或在“E:\资料\onedrive\code\opencv\openCV练习\船只流量统计测试\x64\Debug\libjpegd.pdb”中寻找)；正在链接对象，如同没有调试信息一样
     1>libjpegd.lib(jdhuff.obj) : warning LNK4099: 未找到 PDB“libjpegd.pdb”(使用“libjpegd.lib(jdhuff.obj)”或在“E:\资料\onedrive\code\opencv\openCV练习\船只流量统计测试\x64\Debug\libjpegd.pdb”中寻找)；正在链接对象，如同没有调试信息一样
     1>libjpegd.lib(jdinput.obj) : warning LNK4099: 未找到 PDB“libjpegd.pdb”(使用“libjpegd.lib(jdinput.obj)”或在“E:\资料\onedrive\code\opencv\openCV练习\船只流量统计测试\x64\Debug\libjpegd.pdb”中寻找)；正在链接对象，如同没有调试信息一样
     1>libjpegd.lib(jdmainct.obj) : warning LNK4099: 未找到 PDB“libjpegd.pdb”(使用“libjpegd.lib(jdmainct.obj)”或在“E:\资料\onedrive\code\opencv\openCV练习\船只流量统计测试\x64\Debug\libjpegd.pdb”中寻找)；正在链接对象，如同没有调试信息一样
     1>libjpegd.lib(jdmarker.obj) : warning LNK4099: 未找到 PDB“libjpegd.pdb”(使用“libjpegd.lib(jdmarker.obj)”或在“E:\资料\onedrive\code\opencv\openCV练习\船只流量统计测试\x64\Debug\libjpegd.pdb”中寻找)；正在链接对象，如同没有调试信息一样
     1>libjpegd.lib(jdmaster.obj) : warning LNK4099: 未找到 PDB“libjpegd.pdb”(使用“libjpegd.lib(jdmaster.obj)”或在“E:\资料\onedrive\code\opencv\openCV练习\船只流量统计测试\x64\Debug\libjpegd.pdb”中寻找)；正在链接对象，如同没有调试信息一样
     1>libjpegd.lib(jdmerge.obj) : warning LNK4099: 未找到 PDB“libjpegd.pdb”(使用“libjpegd.lib(jdmerge.obj)”或在“E:\资料\onedrive\code\opencv\openCV练习\船只流量统计测试\x64\Debug\libjpegd.pdb”中寻找)；正在链接对象，如同没有调试信息一样
     1>libjpegd.lib(jdpostct.obj) : warning LNK4099: 未找到 PDB“libjpegd.pdb”(使用“libjpegd.lib(jdpostct.obj)”或在“E:\资料\onedrive\code\opencv\openCV练习\船只流量统计测试\x64\Debug\libjpegd.pdb”中寻找)；正在链接对象，如同没有调试信息一样
     1>libjpegd.lib(jdsample.obj) : warning LNK4099: 未找到 PDB“libjpegd.pdb”(使用“libjpegd.lib(jdsample.obj)”或在“E:\资料\onedrive\code\opencv\openCV练习\船只流量统计测试\x64\Debug\libjpegd.pdb”中寻找)；正在链接对象，如同没有调试信息一样
     1>libjpegd.lib(jerror.obj) : warning LNK4099: 未找到 PDB“libjpegd.pdb”(使用“libjpegd.lib(jerror.obj)”或在“E:\资料\onedrive\code\opencv\openCV练习\船只流量统计测试\x64\Debug\libjpegd.pdb”中寻找)；正在链接对象，如同没有调试信息一样
     1>libjpegd.lib(jfdctflt.obj) : warning LNK4099: 未找到 PDB“libjpegd.pdb”(使用“libjpegd.lib(jfdctflt.obj)”或在“E:\资料\onedrive\code\opencv\openCV练习\船只流量统计测试\x64\Debug\libjpegd.pdb”中寻找)；正在链接对象，如同没有调试信息一样
     1>libjpegd.lib(jfdctfst.obj) : warning LNK4099: 未找到 PDB“libjpegd.pdb”(使用“libjpegd.lib(jfdctfst.obj)”或在“E:\资料\onedrive\code\opencv\openCV练习\船只流量统计测试\x64\Debug\libjpegd.pdb”中寻找)；正在链接对象，如同没有调试信息一样
     1>libjpegd.lib(jfdctint.obj) : warning LNK4099: 未找到 PDB“libjpegd.pdb”(使用“libjpegd.lib(jfdctint.obj)”或在“E:\资料\onedrive\code\opencv\openCV练习\船只流量统计测试\x64\Debug\libjpegd.pdb”中寻找)；正在链接对象，如同没有调试信息一样
     1>libjpegd.lib(jidctflt.obj) : warning LNK4099: 未找到 PDB“libjpegd.pdb”(使用“libjpegd.lib(jidctflt.obj)”或在“E:\资料\onedrive\code\opencv\openCV练习\船只流量统计测试\x64\Debug\libjpegd.pdb”中寻找)；正在链接对象，如同没有调试信息一样
     1>libjpegd.lib(jidctfst.obj) : warning LNK4099: 未找到 PDB“libjpegd.pdb”(使用“libjpegd.lib(jidctfst.obj)”或在“E:\资料\onedrive\code\opencv\openCV练习\船只流量统计测试\x64\Debug\libjpegd.pdb”中寻找)；正在链接对象，如同没有调试信息一样
     1>libjpegd.lib(jidctint.obj) : warning LNK4099: 未找到 PDB“libjpegd.pdb”(使用“libjpegd.lib(jidctint.obj)”或在“E:\资料\onedrive\code\opencv\openCV练习\船只流量统计测试\x64\Debug\libjpegd.pdb”中寻找)；正在链接对象，如同没有调试信息一样
     1>libjpegd.lib(jmemansi.obj) : warning LNK4099: 未找到 PDB“libjpegd.pdb”(使用“libjpegd.lib(jmemansi.obj)”或在“E:\资料\onedrive\code\opencv\openCV练习\船只流量统计测试\x64\Debug\libjpegd.pdb”中寻找)；正在链接对象，如同没有调试信息一样
     1>libjpegd.lib(jmemmgr.obj) : warning LNK4099: 未找到 PDB“libjpegd.pdb”(使用“libjpegd.lib(jmemmgr.obj)”或在“E:\资料\onedrive\code\opencv\openCV练习\船只流量统计测试\x64\Debug\libjpegd.pdb”中寻找)；正在链接对象，如同没有调试信息一样
     1>libjpegd.lib(jquant1.obj) : warning LNK4099: 未找到 PDB“libjpegd.pdb”(使用“libjpegd.lib(jquant1.obj)”或在“E:\资料\onedrive\code\opencv\openCV练习\船只流量统计测试\x64\Debug\libjpegd.pdb”中寻找)；正在链接对象，如同没有调试信息一样
     1>libjpegd.lib(jquant2.obj) : warning LNK4099: 未找到 PDB“libjpegd.pdb”(使用“libjpegd.lib(jquant2.obj)”或在“E:\资料\onedrive\code\opencv\openCV练习\船只流量统计测试\x64\Debug\libjpegd.pdb”中寻找)；正在链接对象，如同没有调试信息一样
     1>libjpegd.lib(jutils.obj) : warning LNK4099: 未找到 PDB“libjpegd.pdb”(使用“libjpegd.lib(jutils.obj)”或在“E:\资料\onedrive\code\opencv\openCV练习\船只流量统计测试\x64\Debug\libjpegd.pdb”中寻找)；正在链接对象，如同没有调试信息一样
     1>libpngd.lib(png.obj) : warning LNK4099: 未找到 PDB“libpngd.pdb”(使用“libpngd.lib(png.obj)”或在“E:\资料\onedrive\code\opencv\openCV练习\船只流量统计测试\x64\Debug\libpngd.pdb”中寻找)；正在链接对象，如同没有调试信息一样
     1>libpngd.lib(pngerror.obj) : warning LNK4099: 未找到 PDB“libpngd.pdb”(使用“libpngd.lib(pngerror.obj)”或在“E:\资料\onedrive\code\opencv\openCV练习\船只流量统计测试\x64\Debug\libpngd.pdb”中寻找)；正在链接对象，如同没有调试信息一样
     1>libpngd.lib(pngget.obj) : warning LNK4099: 未找到 PDB“libpngd.pdb”(使用“libpngd.lib(pngget.obj)”或在“E:\资料\onedrive\code\opencv\openCV练习\船只流量统计测试\x64\Debug\libpngd.pdb”中寻找)；正在链接对象，如同没有调试信息一样
     1>libpngd.lib(pngmem.obj) : warning LNK4099: 未找到 PDB“libpngd.pdb”(使用“libpngd.lib(pngmem.obj)”或在“E:\资料\onedrive\code\opencv\openCV练习\船只流量统计测试\x64\Debug\libpngd.pdb”中寻找)；正在链接对象，如同没有调试信息一样
     1>libpngd.lib(pngread.obj) : warning LNK4099: 未找到 PDB“libpngd.pdb”(使用“libpngd.lib(pngread.obj)”或在“E:\资料\onedrive\code\opencv\openCV练习\船只流量统计测试\x64\Debug\libpngd.pdb”中寻找)；正在链接对象，如同没有调试信息一样
     1>libpngd.lib(pngrio.obj) : warning LNK4099: 未找到 PDB“libpngd.pdb”(使用“libpngd.lib(pngrio.obj)”或在“E:\资料\onedrive\code\opencv\openCV练习\船只流量统计测试\x64\Debug\libpngd.pdb”中寻找)；正在链接对象，如同没有调试信息一样
     1>libpngd.lib(pngrtran.obj) : warning LNK4099: 未找到 PDB“libpngd.pdb”(使用“libpngd.lib(pngrtran.obj)”或在“E:\资料\onedrive\code\opencv\openCV练习\船只流量统计测试\x64\Debug\libpngd.pdb”中寻找)；正在链接对象，如同没有调试信息一样
     1>libpngd.lib(pngrutil.obj) : warning LNK4099: 未找到 PDB“libpngd.pdb”(使用“libpngd.lib(pngrutil.obj)”或在“E:\资料\onedrive\code\opencv\openCV练习\船只流量统计测试\x64\Debug\libpngd.pdb”中寻找)；正在链接对象，如同没有调试信息一样
     1>libpngd.lib(pngset.obj) : warning LNK4099: 未找到 PDB“libpngd.pdb”(使用“libpngd.lib(pngset.obj)”或在“E:\资料\onedrive\code\opencv\openCV练习\船只流量统计测试\x64\Debug\libpngd.pdb”中寻找)；正在链接对象，如同没有调试信息一样
     1>libpngd.lib(pngtrans.obj) : warning LNK4099: 未找到 PDB“libpngd.pdb”(使用“libpngd.lib(pngtrans.obj)”或在“E:\资料\onedrive\code\opencv\openCV练习\船只流量统计测试\x64\Debug\libpngd.pdb”中寻找)；正在链接对象，如同没有调试信息一样
     1>libpngd.lib(pngwio.obj) : warning LNK4099: 未找到 PDB“libpngd.pdb”(使用“libpngd.lib(pngwio.obj)”或在“E:\资料\onedrive\code\opencv\openCV练习\船只流量统计测试\x64\Debug\libpngd.pdb”中寻找)；正在链接对象，如同没有调试信息一样
     1>libpngd.lib(pngwrite.obj) : warning LNK4099: 未找到 PDB“libpngd.pdb”(使用“libpngd.lib(pngwrite.obj)”或在“E:\资料\onedrive\code\opencv\openCV练习\船只流量统计测试\x64\Debug\libpngd.pdb”中寻找)；正在链接对象，如同没有调试信息一样
     1>libpngd.lib(pngwtran.obj) : warning LNK4099: 未找到 PDB“libpngd.pdb”(使用“libpngd.lib(pngwtran.obj)”或在“E:\资料\onedrive\code\opencv\openCV练习\船只流量统计测试\x64\Debug\libpngd.pdb”中寻找)；正在链接对象，如同没有调试信息一样
     1>libpngd.lib(pngwutil.obj) : warning LNK4099: 未找到 PDB“libpngd.pdb”(使用“libpngd.lib(pngwutil.obj)”或在“E:\资料\onedrive\code\opencv\openCV练习\船只流量统计测试\x64\Debug\libpngd.pdb”中寻找)；正在链接对象，如同没有调试信息一样
     1>libtiffd.lib(tif_aux.obj) : warning LNK4099: 未找到 PDB“libtiffd.pdb”(使用“libtiffd.lib(tif_aux.obj)”或在“E:\资料\onedrive\code\opencv\openCV练习\船只流量统计测试\x64\Debug\libtiffd.pdb”中寻找)；正在链接对象，如同没有调试信息一样
     1>libtiffd.lib(tif_close.obj) : warning LNK4099: 未找到 PDB“libtiffd.pdb”(使用“libtiffd.lib(tif_close.obj)”或在“E:\资料\onedrive\code\opencv\openCV练习\船只流量统计测试\x64\Debug\libtiffd.pdb”中寻找)；正在链接对象，如同没有调试信息一样
     1>libtiffd.lib(tif_codec.obj) : warning LNK4099: 未找到 PDB“libtiffd.pdb”(使用“libtiffd.lib(tif_codec.obj)”或在“E:\资料\onedrive\code\opencv\openCV练习\船只流量统计测试\x64\Debug\libtiffd.pdb”中寻找)；正在链接对象，如同没有调试信息一样
     1>libtiffd.lib(tif_color.obj) : warning LNK4099: 未找到 PDB“libtiffd.pdb”(使用“libtiffd.lib(tif_color.obj)”或在“E:\资料\onedrive\code\opencv\openCV练习\船只流量统计测试\x64\Debug\libtiffd.pdb”中寻找)；正在链接对象，如同没有调试信息一样
     1>libtiffd.lib(tif_compress.obj) : warning LNK4099: 未找到 PDB“libtiffd.pdb”(使用“libtiffd.lib(tif_compress.obj)”或在“E:\资料\onedrive\code\opencv\openCV练习\船只流量统计测试\x64\Debug\libtiffd.pdb”中寻找)；正在链接对象，如同没有调试信息一样
     1>libtiffd.lib(tif_dir.obj) : warning LNK4099: 未找到 PDB“libtiffd.pdb”(使用“libtiffd.lib(tif_dir.obj)”或在“E:\资料\onedrive\code\opencv\openCV练习\船只流量统计测试\x64\Debug\libtiffd.pdb”中寻找)；正在链接对象，如同没有调试信息一样
     1>libtiffd.lib(tif_dirinfo.obj) : warning LNK4099: 未找到 PDB“libtiffd.pdb”(使用“libtiffd.lib(tif_dirinfo.obj)”或在“E:\资料\onedrive\code\opencv\openCV练习\船只流量统计测试\x64\Debug\libtiffd.pdb”中寻找)；正在链接对象，如同没有调试信息一样
     1>libtiffd.lib(tif_dirread.obj) : warning LNK4099: 未找到 PDB“libtiffd.pdb”(使用“libtiffd.lib(tif_dirread.obj)”或在“E:\资料\onedrive\code\opencv\openCV练习\船只流量统计测试\x64\Debug\libtiffd.pdb”中寻找)；正在链接对象，如同没有调试信息一样
     1>libtiffd.lib(tif_dirwrite.obj) : warning LNK4099: 未找到 PDB“libtiffd.pdb”(使用“libtiffd.lib(tif_dirwrite.obj)”或在“E:\资料\onedrive\code\opencv\openCV练习\船只流量统计测试\x64\Debug\libtiffd.pdb”中寻找)；正在链接对象，如同没有调试信息一样
     1>libtiffd.lib(tif_dumpmode.obj) : warning LNK4099: 未找到 PDB“libtiffd.pdb”(使用“libtiffd.lib(tif_dumpmode.obj)”或在“E:\资料\onedrive\code\opencv\openCV练习\船只流量统计测试\x64\Debug\libtiffd.pdb”中寻找)；正在链接对象，如同没有调试信息一样
     1>libtiffd.lib(tif_error.obj) : warning LNK4099: 未找到 PDB“libtiffd.pdb”(使用“libtiffd.lib(tif_error.obj)”或在“E:\资料\onedrive\code\opencv\openCV练习\船只流量统计测试\x64\Debug\libtiffd.pdb”中寻找)；正在链接对象，如同没有调试信息一样
     1>libtiffd.lib(tif_fax3.obj) : warning LNK4099: 未找到 PDB“libtiffd.pdb”(使用“libtiffd.lib(tif_fax3.obj)”或在“E:\资料\onedrive\code\opencv\openCV练习\船只流量统计测试\x64\Debug\libtiffd.pdb”中寻找)；正在链接对象，如同没有调试信息一样
     1>libtiffd.lib(tif_fax3sm.obj) : warning LNK4099: 未找到 PDB“libtiffd.pdb”(使用“libtiffd.lib(tif_fax3sm.obj)”或在“E:\资料\onedrive\code\opencv\openCV练习\船只流量统计测试\x64\Debug\libtiffd.pdb”中寻找)；正在链接对象，如同没有调试信息一样
     1>libtiffd.lib(tif_flush.obj) : warning LNK4099: 未找到 PDB“libtiffd.pdb”(使用“libtiffd.lib(tif_flush.obj)”或在“E:\资料\onedrive\code\opencv\openCV练习\船只流量统计测试\x64\Debug\libtiffd.pdb”中寻找)；正在链接对象，如同没有调试信息一样
     1>libtiffd.lib(tif_getimage.obj) : warning LNK4099: 未找到 PDB“libtiffd.pdb”(使用“libtiffd.lib(tif_getimage.obj)”或在“E:\资料\onedrive\code\opencv\openCV练习\船只流量统计测试\x64\Debug\libtiffd.pdb”中寻找)；正在链接对象，如同没有调试信息一样
     1>libtiffd.lib(tif_luv.obj) : warning LNK4099: 未找到 PDB“libtiffd.pdb”(使用“libtiffd.lib(tif_luv.obj)”或在“E:\资料\onedrive\code\opencv\openCV练习\船只流量统计测试\x64\Debug\libtiffd.pdb”中寻找)；正在链接对象，如同没有调试信息一样
     1>libtiffd.lib(tif_lzw.obj) : warning LNK4099: 未找到 PDB“libtiffd.pdb”(使用“libtiffd.lib(tif_lzw.obj)”或在“E:\资料\onedrive\code\opencv\openCV练习\船只流量统计测试\x64\Debug\libtiffd.pdb”中寻找)；正在链接对象，如同没有调试信息一样
     1>libtiffd.lib(tif_next.obj) : warning LNK4099: 未找到 PDB“libtiffd.pdb”(使用“libtiffd.lib(tif_next.obj)”或在“E:\资料\onedrive\code\opencv\openCV练习\船只流量统计测试\x64\Debug\libtiffd.pdb”中寻找)；正在链接对象，如同没有调试信息一样
     1>libtiffd.lib(tif_open.obj) : warning LNK4099: 未找到 PDB“libtiffd.pdb”(使用“libtiffd.lib(tif_open.obj)”或在“E:\资料\onedrive\code\opencv\openCV练习\船只流量统计测试\x64\Debug\libtiffd.pdb”中寻找)；正在链接对象，如同没有调试信息一样
     1>libtiffd.lib(tif_packbits.obj) : warning LNK4099: 未找到 PDB“libtiffd.pdb”(使用“libtiffd.lib(tif_packbits.obj)”或在“E:\资料\onedrive\code\opencv\openCV练习\船只流量统计测试\x64\Debug\libtiffd.pdb”中寻找)；正在链接对象，如同没有调试信息一样
     1>libtiffd.lib(tif_pixarlog.obj) : warning LNK4099: 未找到 PDB“libtiffd.pdb”(使用“libtiffd.lib(tif_pixarlog.obj)”或在“E:\资料\onedrive\code\opencv\openCV练习\船只流量统计测试\x64\Debug\libtiffd.pdb”中寻找)；正在链接对象，如同没有调试信息一样
     1>libtiffd.lib(tif_predict.obj) : warning LNK4099: 未找到 PDB“libtiffd.pdb”(使用“libtiffd.lib(tif_predict.obj)”或在“E:\资料\onedrive\code\opencv\openCV练习\船只流量统计测试\x64\Debug\libtiffd.pdb”中寻找)；正在链接对象，如同没有调试信息一样
     1>libtiffd.lib(tif_read.obj) : warning LNK4099: 未找到 PDB“libtiffd.pdb”(使用“libtiffd.lib(tif_read.obj)”或在“E:\资料\onedrive\code\opencv\openCV练习\船只流量统计测试\x64\Debug\libtiffd.pdb”中寻找)；正在链接对象，如同没有调试信息一样
     1>libtiffd.lib(tif_strip.obj) : warning LNK4099: 未找到 PDB“libtiffd.pdb”(使用“libtiffd.lib(tif_strip.obj)”或在“E:\资料\onedrive\code\opencv\openCV练习\船只流量统计测试\x64\Debug\libtiffd.pdb”中寻找)；正在链接对象，如同没有调试信息一样
     1>libtiffd.lib(tif_swab.obj) : warning LNK4099: 未找到 PDB“libtiffd.pdb”(使用“libtiffd.lib(tif_swab.obj)”或在“E:\资料\onedrive\code\opencv\openCV练习\船只流量统计测试\x64\Debug\libtiffd.pdb”中寻找)；正在链接对象，如同没有调试信息一样
     1>libtiffd.lib(tif_thunder.obj) : warning LNK4099: 未找到 PDB“libtiffd.pdb”(使用“libtiffd.lib(tif_thunder.obj)”或在“E:\资料\onedrive\code\opencv\openCV练习\船只流量统计测试\x64\Debug\libtiffd.pdb”中寻找)；正在链接对象，如同没有调试信息一样
     1>libtiffd.lib(tif_tile.obj) : warning LNK4099: 未找到 PDB“libtiffd.pdb”(使用“libtiffd.lib(tif_tile.obj)”或在“E:\资料\onedrive\code\opencv\openCV练习\船只流量统计测试\x64\Debug\libtiffd.pdb”中寻找)；正在链接对象，如同没有调试信息一样
     1>libtiffd.lib(tif_warning.obj) : warning LNK4099: 未找到 PDB“libtiffd.pdb”(使用“libtiffd.lib(tif_warning.obj)”或在“E:\资料\onedrive\code\opencv\openCV练习\船只流量统计测试\x64\Debug\libtiffd.pdb”中寻找)；正在链接对象，如同没有调试信息一样
     1>libtiffd.lib(tif_write.obj) : warning LNK4099: 未找到 PDB“libtiffd.pdb”(使用“libtiffd.lib(tif_write.obj)”或在“E:\资料\onedrive\code\opencv\openCV练习\船只流量统计测试\x64\Debug\libtiffd.pdb”中寻找)；正在链接对象，如同没有调试信息一样
     1>libtiffd.lib(tif_zip.obj) : warning LNK4099: 未找到 PDB“libtiffd.pdb”(使用“libtiffd.lib(tif_zip.obj)”或在“E:\资料\onedrive\code\opencv\openCV练习\船只流量统计测试\x64\Debug\libtiffd.pdb”中寻找)；正在链接对象，如同没有调试信息一样
     1>libtiffd.lib(tif_win32.obj) : warning LNK4099: 未找到 PDB“libtiffd.pdb”(使用“libtiffd.lib(tif_win32.obj)”或在“E:\资料\onedrive\code\opencv\openCV练习\船只流量统计测试\x64\Debug\libtiffd.pdb”中寻找)；正在链接对象，如同没有调试信息一样
     1>libwebpd.lib(buffer.obj) : warning LNK4099: 未找到 PDB“libwebpd.pdb”(使用“libwebpd.lib(buffer.obj)”或在“E:\资料\onedrive\code\opencv\openCV练习\船只流量统计测试\x64\Debug\libwebpd.pdb”中寻找)；正在链接对象，如同没有调试信息一样
     1>libwebpd.lib(io.obj) : warning LNK4099: 未找到 PDB“libwebpd.pdb”(使用“libwebpd.lib(io.obj)”或在“E:\资料\onedrive\code\opencv\openCV练习\船只流量统计测试\x64\Debug\libwebpd.pdb”中寻找)；正在链接对象，如同没有调试信息一样
     1>libwebpd.lib(vp8.obj) : warning LNK4099: 未找到 PDB“libwebpd.pdb”(使用“libwebpd.lib(vp8.obj)”或在“E:\资料\onedrive\code\opencv\openCV练习\船只流量统计测试\x64\Debug\libwebpd.pdb”中寻找)；正在链接对象，如同没有调试信息一样
     1>libwebpd.lib(webp.obj) : warning LNK4099: 未找到 PDB“libwebpd.pdb”(使用“libwebpd.lib(webp.obj)”或在“E:\资料\onedrive\code\opencv\openCV练习\船只流量统计测试\x64\Debug\libwebpd.pdb”中寻找)；正在链接对象，如同没有调试信息一样
     1>libwebpd.lib(cpu.obj) : warning LNK4099: 未找到 PDB“libwebpd.pdb”(使用“libwebpd.lib(cpu.obj)”或在“E:\资料\onedrive\code\opencv\openCV练习\船只流量统计测试\x64\Debug\libwebpd.pdb”中寻找)；正在链接对象，如同没有调试信息一样
     1>libwebpd.lib(dec.obj) : warning LNK4099: 未找到 PDB“libwebpd.pdb”(使用“libwebpd.lib(dec.obj)”或在“E:\资料\onedrive\code\opencv\openCV练习\船只流量统计测试\x64\Debug\libwebpd.pdb”中寻找)；正在链接对象，如同没有调试信息一样
     1>libwebpd.lib(dec_sse2.obj) : warning LNK4099: 未找到 PDB“libwebpd.pdb”(使用“libwebpd.lib(dec_sse2.obj)”或在“E:\资料\onedrive\code\opencv\openCV练习\船只流量统计测试\x64\Debug\libwebpd.pdb”中寻找)；正在链接对象，如同没有调试信息一样
     1>libwebpd.lib(enc.obj) : warning LNK4099: 未找到 PDB“libwebpd.pdb”(使用“libwebpd.lib(enc.obj)”或在“E:\资料\onedrive\code\opencv\openCV练习\船只流量统计测试\x64\Debug\libwebpd.pdb”中寻找)；正在链接对象，如同没有调试信息一样
     1>libwebpd.lib(enc_sse2.obj) : warning LNK4099: 未找到 PDB“libwebpd.pdb”(使用“libwebpd.lib(enc_sse2.obj)”或在“E:\资料\onedrive\code\opencv\openCV练习\船只流量统计测试\x64\Debug\libwebpd.pdb”中寻找)；正在链接对象，如同没有调试信息一样
     1>libwebpd.lib(lossless.obj) : warning LNK4099: 未找到 PDB“libwebpd.pdb”(使用“libwebpd.lib(lossless.obj)”或在“E:\资料\onedrive\code\opencv\openCV练习\船只流量统计测试\x64\Debug\libwebpd.pdb”中寻找)；正在链接对象，如同没有调试信息一样
     1>libwebpd.lib(upsampling.obj) : warning LNK4099: 未找到 PDB“libwebpd.pdb”(使用“libwebpd.lib(upsampling.obj)”或在“E:\资料\onedrive\code\opencv\openCV练习\船只流量统计测试\x64\Debug\libwebpd.pdb”中寻找)；正在链接对象，如同没有调试信息一样
     1>libwebpd.lib(upsampling_sse2.obj) : warning LNK4099: 未找到 PDB“libwebpd.pdb”(使用“libwebpd.lib(upsampling_sse2.obj)”或在“E:\资料\onedrive\code\opencv\openCV练习\船只流量统计测试\x64\Debug\libwebpd.pdb”中寻找)；正在链接对象，如同没有调试信息一样
     1>libwebpd.lib(yuv.obj) : warning LNK4099: 未找到 PDB“libwebpd.pdb”(使用“libwebpd.lib(yuv.obj)”或在“E:\资料\onedrive\code\opencv\openCV练习\船只流量统计测试\x64\Debug\libwebpd.pdb”中寻找)；正在链接对象，如同没有调试信息一样
     1>libwebpd.lib(analysis.obj) : warning LNK4099: 未找到 PDB“libwebpd.pdb”(使用“libwebpd.lib(analysis.obj)”或在“E:\资料\onedrive\code\opencv\openCV练习\船只流量统计测试\x64\Debug\libwebpd.pdb”中寻找)；正在链接对象，如同没有调试信息一样
     1>libwebpd.lib(backward_references.obj) : warning LNK4099: 未找到 PDB“libwebpd.pdb”(使用“libwebpd.lib(backward_references.obj)”或在“E:\资料\onedrive\code\opencv\openCV练习\船只流量统计测试\x64\Debug\libwebpd.pdb”中寻找)；正在链接对象，如同没有调试信息一样
     1>libwebpd.lib(config.obj) : warning LNK4099: 未找到 PDB“libwebpd.pdb”(使用“libwebpd.lib(config.obj)”或在“E:\资料\onedrive\code\opencv\openCV练习\船只流量统计测试\x64\Debug\libwebpd.pdb”中寻找)；正在链接对象，如同没有调试信息一样
     1>libwebpd.lib(cost.obj) : warning LNK4099: 未找到 PDB“libwebpd.pdb”(使用“libwebpd.lib(cost.obj)”或在“E:\资料\onedrive\code\opencv\openCV练习\船只流量统计测试\x64\Debug\libwebpd.pdb”中寻找)；正在链接对象，如同没有调试信息一样
     1>libwebpd.lib(filter.obj) : warning LNK4099: 未找到 PDB“libwebpd.pdb”(使用“libwebpd.lib(filter.obj)”或在“E:\资料\onedrive\code\opencv\openCV练习\船只流量统计测试\x64\Debug\libwebpd.pdb”中寻找)；正在链接对象，如同没有调试信息一样
     1>libwebpd.lib(histogram.obj) : warning LNK4099: 未找到 PDB“libwebpd.pdb”(使用“libwebpd.lib(histogram.obj)”或在“E:\资料\onedrive\code\opencv\openCV练习\船只流量统计测试\x64\Debug\libwebpd.pdb”中寻找)；正在链接对象，如同没有调试信息一样
     1>libwebpd.lib(iterator.obj) : warning LNK4099: 未找到 PDB“libwebpd.pdb”(使用“libwebpd.lib(iterator.obj)”或在“E:\资料\onedrive\code\opencv\openCV练习\船只流量统计测试\x64\Debug\libwebpd.pdb”中寻找)；正在链接对象，如同没有调试信息一样
     1>libwebpd.lib(picture.obj) : warning LNK4099: 未找到 PDB“libwebpd.pdb”(使用“libwebpd.lib(picture.obj)”或在“E:\资料\onedrive\code\opencv\openCV练习\船只流量统计测试\x64\Debug\libwebpd.pdb”中寻找)；正在链接对象，如同没有调试信息一样
     1>libwebpd.lib(syntax.obj) : warning LNK4099: 未找到 PDB“libwebpd.pdb”(使用“libwebpd.lib(syntax.obj)”或在“E:\资料\onedrive\code\opencv\openCV练习\船只流量统计测试\x64\Debug\libwebpd.pdb”中寻找)；正在链接对象，如同没有调试信息一样
     1>libwebpd.lib(token.obj) : warning LNK4099: 未找到 PDB“libwebpd.pdb”(使用“libwebpd.lib(token.obj)”或在“E:\资料\onedrive\code\opencv\openCV练习\船只流量统计测试\x64\Debug\libwebpd.pdb”中寻找)；正在链接对象，如同没有调试信息一样
     1>libwebpd.lib(webpenc.obj) : warning LNK4099: 未找到 PDB“libwebpd.pdb”(使用“libwebpd.lib(webpenc.obj)”或在“E:\资料\onedrive\code\opencv\openCV练习\船只流量统计测试\x64\Debug\libwebpd.pdb”中寻找)；正在链接对象，如同没有调试信息一样
     1>libwebpd.lib(bit_reader.obj) : warning LNK4099: 未找到 PDB“libwebpd.pdb”(使用“libwebpd.lib(bit_reader.obj)”或在“E:\资料\onedrive\code\opencv\openCV练习\船只流量统计测试\x64\Debug\libwebpd.pdb”中寻找)；正在链接对象，如同没有调试信息一样
     1>libwebpd.lib(bit_writer.obj) : warning LNK4099: 未找到 PDB“libwebpd.pdb”(使用“libwebpd.lib(bit_writer.obj)”或在“E:\资料\onedrive\code\opencv\openCV练习\船只流量统计测试\x64\Debug\libwebpd.pdb”中寻找)；正在链接对象，如同没有调试信息一样
     1>libwebpd.lib(color_cache.obj) : warning LNK4099: 未找到 PDB“libwebpd.pdb”(使用“libwebpd.lib(color_cache.obj)”或在“E:\资料\onedrive\code\opencv\openCV练习\船只流量统计测试\x64\Debug\libwebpd.pdb”中寻找)；正在链接对象，如同没有调试信息一样
     1>libwebpd.lib(filters.obj) : warning LNK4099: 未找到 PDB“libwebpd.pdb”(使用“libwebpd.lib(filters.obj)”或在“E:\资料\onedrive\code\opencv\openCV练习\船只流量统计测试\x64\Debug\libwebpd.pdb”中寻找)；正在链接对象，如同没有调试信息一样
     1>libwebpd.lib(huffman.obj) : warning LNK4099: 未找到 PDB“libwebpd.pdb”(使用“libwebpd.lib(huffman.obj)”或在“E:\资料\onedrive\code\opencv\openCV练习\船只流量统计测试\x64\Debug\libwebpd.pdb”中寻找)；正在链接对象，如同没有调试信息一样
     1>libwebpd.lib(huffman_encode.obj) : warning LNK4099: 未找到 PDB“libwebpd.pdb”(使用“libwebpd.lib(huffman_encode.obj)”或在“E:\资料\onedrive\code\opencv\openCV练习\船只流量统计测试\x64\Debug\libwebpd.pdb”中寻找)；正在链接对象，如同没有调试信息一样
     1>libwebpd.lib(quant_levels.obj) : warning LNK4099: 未找到 PDB“libwebpd.pdb”(使用“libwebpd.lib(quant_levels.obj)”或在“E:\资料\onedrive\code\opencv\openCV练习\船只流量统计测试\x64\Debug\libwebpd.pdb”中寻找)；正在链接对象，如同没有调试信息一样
     1>libwebpd.lib(quant_levels_dec.obj) : warning LNK4099: 未找到 PDB“libwebpd.pdb”(使用“libwebpd.lib(quant_levels_dec.obj)”或在“E:\资料\onedrive\code\opencv\openCV练习\船只流量统计测试\x64\Debug\libwebpd.pdb”中寻找)；正在链接对象，如同没有调试信息一样
     1>libwebpd.lib(rescaler.obj) : warning LNK4099: 未找到 PDB“libwebpd.pdb”(使用“libwebpd.lib(rescaler.obj)”或在“E:\资料\onedrive\code\opencv\openCV练习\船只流量统计测试\x64\Debug\libwebpd.pdb”中寻找)；正在链接对象，如同没有调试信息一样
     1>libwebpd.lib(thread.obj) : warning LNK4099: 未找到 PDB“libwebpd.pdb”(使用“libwebpd.lib(thread.obj)”或在“E:\资料\onedrive\code\opencv\openCV练习\船只流量统计测试\x64\Debug\libwebpd.pdb”中寻找)；正在链接对象，如同没有调试信息一样
     1>libwebpd.lib(utils.obj) : warning LNK4099: 未找到 PDB“libwebpd.pdb”(使用“libwebpd.lib(utils.obj)”或在“E:\资料\onedrive\code\opencv\openCV练习\船只流量统计测试\x64\Debug\libwebpd.pdb”中寻找)；正在链接对象，如同没有调试信息一样
     1>libwebpd.lib(alpha.c.obj) : warning LNK4099: 未找到 PDB“libwebpd.pdb”(使用“libwebpd.lib(alpha.c.obj)”或在“E:\资料\onedrive\code\opencv\openCV练习\船只流量统计测试\x64\Debug\libwebpd.pdb”中寻找)；正在链接对象，如同没有调试信息一样
     1>libwebpd.lib(frame.c.obj) : warning LNK4099: 未找到 PDB“libwebpd.pdb”(使用“libwebpd.lib(frame.c.obj)”或在“E:\资料\onedrive\code\opencv\openCV练习\船只流量统计测试\x64\Debug\libwebpd.pdb”中寻找)；正在链接对象，如同没有调试信息一样
     1>libwebpd.lib(quant.c.obj) : warning LNK4099: 未找到 PDB“libwebpd.pdb”(使用“libwebpd.lib(quant.c.obj)”或在“E:\资料\onedrive\code\opencv\openCV练习\船只流量统计测试\x64\Debug\libwebpd.pdb”中寻找)；正在链接对象，如同没有调试信息一样
     1>libwebpd.lib(tree.c.obj) : warning LNK4099: 未找到 PDB“libwebpd.pdb”(使用“libwebpd.lib(tree.c.obj)”或在“E:\资料\onedrive\code\opencv\openCV练习\船只流量统计测试\x64\Debug\libwebpd.pdb”中寻找)；正在链接对象，如同没有调试信息一样
     1>libwebpd.lib(vp8l.c.obj) : warning LNK4099: 未找到 PDB“libwebpd.pdb”(使用“libwebpd.lib(vp8l.c.obj)”或在“E:\资料\onedrive\code\opencv\openCV练习\船只流量统计测试\x64\Debug\libwebpd.pdb”中寻找)；正在链接对象，如同没有调试信息一样
     1>libwebpd.lib(alpha.c.obj) : warning LNK4099: 未找到 PDB“libwebpd.pdb”(使用“libwebpd.lib(alpha.c.obj)”或在“E:\资料\onedrive\code\opencv\openCV练习\船只流量统计测试\x64\Debug\libwebpd.pdb”中寻找)；正在链接对象，如同没有调试信息一样
     1>libwebpd.lib(frame.c.obj) : warning LNK4099: 未找到 PDB“libwebpd.pdb”(使用“libwebpd.lib(frame.c.obj)”或在“E:\资料\onedrive\code\opencv\openCV练习\船只流量统计测试\x64\Debug\libwebpd.pdb”中寻找)；正在链接对象，如同没有调试信息一样
     1>libwebpd.lib(quant.c.obj) : warning LNK4099: 未找到 PDB“libwebpd.pdb”(使用“libwebpd.lib(quant.c.obj)”或在“E:\资料\onedrive\code\opencv\openCV练习\船只流量统计测试\x64\Debug\libwebpd.pdb”中寻找)；正在链接对象，如同没有调试信息一样
     1>libwebpd.lib(tree.c.obj) : warning LNK4099: 未找到 PDB“libwebpd.pdb”(使用“libwebpd.lib(tree.c.obj)”或在“E:\资料\onedrive\code\opencv\openCV练习\船只流量统计测试\x64\Debug\libwebpd.pdb”中寻找)；正在链接对象，如同没有调试信息一样
     1>libwebpd.lib(vp8l.c.obj) : warning LNK4099: 未找到 PDB“libwebpd.pdb”(使用“libwebpd.lib(vp8l.c.obj)”或在“E:\资料\onedrive\code\opencv\openCV练习\船只流量统计测试\x64\Debug\libwebpd.pdb”中寻找)；正在链接对象，如同没有调试信息一样
     1>opencv_core310d.lib(alloc.obj) : warning LNK4099: 未找到 PDB“opencv_core310d.pdb”(使用“opencv_core310d.lib(alloc.obj)”或在“E:\资料\onedrive\code\opencv\openCV练习\船只流量统计测试\x64\Debug\opencv_core310d.pdb”中寻找)；正在链接对象，如同没有调试信息一样
     1>opencv_core310d.lib(arithm.obj) : warning LNK4099: 未找到 PDB“opencv_core310d.pdb”(使用“opencv_core310d.lib(arithm.obj)”或在“E:\资料\onedrive\code\opencv\openCV练习\船只流量统计测试\x64\Debug\opencv_core310d.pdb”中寻找)；正在链接对象，如同没有调试信息一样
     1>opencv_core310d.lib(array.obj) : warning LNK4099: 未找到 PDB“opencv_core310d.pdb”(使用“opencv_core310d.lib(array.obj)”或在“E:\资料\onedrive\code\opencv\openCV练习\船只流量统计测试\x64\Debug\opencv_core310d.pdb”中寻找)；正在链接对象，如同没有调试信息一样
     1>opencv_core310d.lib(convert.obj) : warning LNK4099: 未找到 PDB“opencv_core310d.pdb”(使用“opencv_core310d.lib(convert.obj)”或在“E:\资料\onedrive\code\opencv\openCV练习\船只流量统计测试\x64\Debug\opencv_core310d.pdb”中寻找)；正在链接对象，如同没有调试信息一样
     1>opencv_core310d.lib(copy.obj) : warning LNK4099: 未找到 PDB“opencv_core310d.pdb”(使用“opencv_core310d.lib(copy.obj)”或在“E:\资料\onedrive\code\opencv\openCV练习\船只流量统计测试\x64\Debug\opencv_core310d.pdb”中寻找)；正在链接对象，如同没有调试信息一样
     1>opencv_core310d.lib(cuda_gpu_mat.obj) : warning LNK4099: 未找到 PDB“opencv_core310d.pdb”(使用“opencv_core310d.lib(cuda_gpu_mat.obj)”或在“E:\资料\onedrive\code\opencv\openCV练习\船只流量统计测试\x64\Debug\opencv_core310d.pdb”中寻找)；正在链接对象，如同没有调试信息一样
     1>opencv_core310d.lib(cuda_host_mem.obj) : warning LNK4099: 未找到 PDB“opencv_core310d.pdb”(使用“opencv_core310d.lib(cuda_host_mem.obj)”或在“E:\资料\onedrive\code\opencv\openCV练习\船只流量统计测试\x64\Debug\opencv_core310d.pdb”中寻找)；正在链接对象，如同没有调试信息一样
     1>opencv_core310d.lib(cuda_stream.obj) : warning LNK4099: 未找到 PDB“opencv_core310d.pdb”(使用“opencv_core310d.lib(cuda_stream.obj)”或在“E:\资料\onedrive\code\opencv\openCV练习\船只流量统计测试\x64\Debug\opencv_core310d.pdb”中寻找)；正在链接对象，如同没有调试信息一样
     1>opencv_core310d.lib(datastructs.obj) : warning LNK4099: 未找到 PDB“opencv_core310d.pdb”(使用“opencv_core310d.lib(datastructs.obj)”或在“E:\资料\onedrive\code\opencv\openCV练习\船只流量统计测试\x64\Debug\opencv_core310d.pdb”中寻找)；正在链接对象，如同没有调试信息一样
     1>opencv_core310d.lib(kmeans.obj) : warning LNK4099: 未找到 PDB“opencv_core310d.pdb”(使用“opencv_core310d.lib(kmeans.obj)”或在“E:\资料\onedrive\code\opencv\openCV练习\船只流量统计测试\x64\Debug\opencv_core310d.pdb”中寻找)；正在链接对象，如同没有调试信息一样
     1>opencv_core310d.lib(lapack.obj) : warning LNK4099: 未找到 PDB“opencv_core310d.pdb”(使用“opencv_core310d.lib(lapack.obj)”或在“E:\资料\onedrive\code\opencv\openCV练习\船只流量统计测试\x64\Debug\opencv_core310d.pdb”中寻找)；正在链接对象，如同没有调试信息一样
     1>opencv_core310d.lib(mathfuncs.obj) : warning LNK4099: 未找到 PDB“opencv_core310d.pdb”(使用“opencv_core310d.lib(mathfuncs.obj)”或在“E:\资料\onedrive\code\opencv\openCV练习\船只流量统计测试\x64\Debug\opencv_core310d.pdb”中寻找)；正在链接对象，如同没有调试信息一样
     1>opencv_core310d.lib(mathfuncs_core.obj) : warning LNK4099: 未找到 PDB“opencv_core310d.pdb”(使用“opencv_core310d.lib(mathfuncs_core.obj)”或在“E:\资料\onedrive\code\opencv\openCV练习\船只流量统计测试\x64\Debug\opencv_core310d.pdb”中寻找)；正在链接对象，如同没有调试信息一样
     1>opencv_core310d.lib(matmul.obj) : warning LNK4099: 未找到 PDB“opencv_core310d.pdb”(使用“opencv_core310d.lib(matmul.obj)”或在“E:\资料\onedrive\code\opencv\openCV练习\船只流量统计测试\x64\Debug\opencv_core310d.pdb”中寻找)；正在链接对象，如同没有调试信息一样
     1>opencv_core310d.lib(matop.obj) : warning LNK4099: 未找到 PDB“opencv_core310d.pdb”(使用“opencv_core310d.lib(matop.obj)”或在“E:\资料\onedrive\code\opencv\openCV练习\船只流量统计测试\x64\Debug\opencv_core310d.pdb”中寻找)；正在链接对象，如同没有调试信息一样
     1>opencv_core310d.lib(matrix.obj) : warning LNK4099: 未找到 PDB“opencv_core310d.pdb”(使用“opencv_core310d.lib(matrix.obj)”或在“E:\资料\onedrive\code\opencv\openCV练习\船只流量统计测试\x64\Debug\opencv_core310d.pdb”中寻找)；正在链接对象，如同没有调试信息一样
     1>opencv_core310d.lib(matrix_decomp.obj) : warning LNK4099: 未找到 PDB“opencv_core310d.pdb”(使用“opencv_core310d.lib(matrix_decomp.obj)”或在“E:\资料\onedrive\code\opencv\openCV练习\船只流量统计测试\x64\Debug\opencv_core310d.pdb”中寻找)；正在链接对象，如同没有调试信息一样
     1>opencv_core310d.lib(merge.obj) : warning LNK4099: 未找到 PDB“opencv_core310d.pdb”(使用“opencv_core310d.lib(merge.obj)”或在“E:\资料\onedrive\code\opencv\openCV练习\船只流量统计测试\x64\Debug\opencv_core310d.pdb”中寻找)；正在链接对象，如同没有调试信息一样
     1>opencv_core310d.lib(ocl.obj) : warning LNK4099: 未找到 PDB“opencv_core310d.pdb”(使用“opencv_core310d.lib(ocl.obj)”或在“E:\资料\onedrive\code\opencv\openCV练习\船只流量统计测试\x64\Debug\opencv_core310d.pdb”中寻找)；正在链接对象，如同没有调试信息一样
     1>opencv_core310d.lib(opencl_core.obj) : warning LNK4099: 未找到 PDB“opencv_core310d.pdb”(使用“opencv_core310d.lib(opencl_core.obj)”或在“E:\资料\onedrive\code\opencv\openCV练习\船只流量统计测试\x64\Debug\opencv_core310d.pdb”中寻找)；正在链接对象，如同没有调试信息一样
     1>opencv_core310d.lib(opengl.obj) : warning LNK4099: 未找到 PDB“opencv_core310d.pdb”(使用“opencv_core310d.lib(opengl.obj)”或在“E:\资料\onedrive\code\opencv\openCV练习\船只流量统计测试\x64\Debug\opencv_core310d.pdb”中寻找)；正在链接对象，如同没有调试信息一样
     1>opencv_core310d.lib(out.obj) : warning LNK4099: 未找到 PDB“opencv_core310d.pdb”(使用“opencv_core310d.lib(out.obj)”或在“E:\资料\onedrive\code\opencv\openCV练习\船只流量统计测试\x64\Debug\opencv_core310d.pdb”中寻找)；正在链接对象，如同没有调试信息一样
     1>opencv_core310d.lib(parallel.obj) : warning LNK4099: 未找到 PDB“opencv_core310d.pdb”(使用“opencv_core310d.lib(parallel.obj)”或在“E:\资料\onedrive\code\opencv\openCV练习\船只流量统计测试\x64\Debug\opencv_core310d.pdb”中寻找)；正在链接对象，如同没有调试信息一样
     1>opencv_core310d.lib(pca.obj) : warning LNK4099: 未找到 PDB“opencv_core310d.pdb”(使用“opencv_core310d.lib(pca.obj)”或在“E:\资料\onedrive\code\opencv\openCV练习\船只流量统计测试\x64\Debug\opencv_core310d.pdb”中寻找)；正在链接对象，如同没有调试信息一样
     1>opencv_core310d.lib(persistence.obj) : warning LNK4099: 未找到 PDB“opencv_core310d.pdb”(使用“opencv_core310d.lib(persistence.obj)”或在“E:\资料\onedrive\code\opencv\openCV练习\船只流量统计测试\x64\Debug\opencv_core310d.pdb”中寻找)；正在链接对象，如同没有调试信息一样
     1>opencv_core310d.lib(rand.obj) : warning LNK4099: 未找到 PDB“opencv_core310d.pdb”(使用“opencv_core310d.lib(rand.obj)”或在“E:\资料\onedrive\code\opencv\openCV练习\船只流量统计测试\x64\Debug\opencv_core310d.pdb”中寻找)；正在链接对象，如同没有调试信息一样
     1>opencv_core310d.lib(split.obj) : warning LNK4099: 未找到 PDB“opencv_core310d.pdb”(使用“opencv_core310d.lib(split.obj)”或在“E:\资料\onedrive\code\opencv\openCV练习\船只流量统计测试\x64\Debug\opencv_core310d.pdb”中寻找)；正在链接对象，如同没有调试信息一样
     1>opencv_core310d.lib(stat.obj) : warning LNK4099: 未找到 PDB“opencv_core310d.pdb”(使用“opencv_core310d.lib(stat.obj)”或在“E:\资料\onedrive\code\opencv\openCV练习\船只流量统计测试\x64\Debug\opencv_core310d.pdb”中寻找)；正在链接对象，如同没有调试信息一样
     1>opencv_core310d.lib(stl.obj) : warning LNK4099: 未找到 PDB“opencv_core310d.pdb”(使用“opencv_core310d.lib(stl.obj)”或在“E:\资料\onedrive\code\opencv\openCV练习\船只流量统计测试\x64\Debug\opencv_core310d.pdb”中寻找)；正在链接对象，如同没有调试信息一样
     1>opencv_core310d.lib(system.obj) : warning LNK4099: 未找到 PDB“opencv_core310d.pdb”(使用“opencv_core310d.lib(system.obj)”或在“E:\资料\onedrive\code\opencv\openCV练习\船只流量统计测试\x64\Debug\opencv_core310d.pdb”中寻找)；正在链接对象，如同没有调试信息一样
     1>opencv_core310d.lib(tables.obj) : warning LNK4099: 未找到 PDB“opencv_core310d.pdb”(使用“opencv_core310d.lib(tables.obj)”或在“E:\资料\onedrive\code\opencv\openCV练习\船只流量统计测试\x64\Debug\opencv_core310d.pdb”中寻找)；正在链接对象，如同没有调试信息一样
     1>opencv_core310d.lib(umatrix.obj) : warning LNK4099: 未找到 PDB“opencv_core310d.pdb”(使用“opencv_core310d.lib(umatrix.obj)”或在“E:\资料\onedrive\code\opencv\openCV练习\船只流量统计测试\x64\Debug\opencv_core310d.pdb”中寻找)；正在链接对象，如同没有调试信息一样
     1>opencv_core310d.lib(opencl_kernels_core.obj) : warning LNK4099: 未找到 PDB“opencv_core310d.pdb”(使用“opencv_core310d.lib(opencl_kernels_core.obj)”或在“E:\资料\onedrive\code\opencv\openCV练习\船只流量统计测试\x64\Debug\opencv_core310d.pdb”中寻找)；正在链接对象，如同没有调试信息一样
     1>opencv_core310d.lib(opencv_core_pch.obj) : warning LNK4099: 未找到 PDB“opencv_core310d.pdb”(使用“opencv_core310d.lib(opencv_core_pch.obj)”或在“E:\资料\onedrive\code\opencv\openCV练习\船只流量统计测试\x64\Debug\opencv_core310d.pdb”中寻找)；正在链接对象，如同没有调试信息一样
     1>opencv_highgui310d.lib(window.obj) : warning LNK4099: 未找到 PDB“opencv_highgui310d.pdb”(使用“opencv_highgui310d.lib(window.obj)”或在“E:\资料\onedrive\code\opencv\openCV练习\船只流量统计测试\x64\Debug\opencv_highgui310d.pdb”中寻找)；正在链接对象，如同没有调试信息一样
     1>opencv_highgui310d.lib(window_w32.obj) : warning LNK4099: 未找到 PDB“opencv_highgui310d.pdb”(使用“opencv_highgui310d.lib(window_w32.obj)”或在“E:\资料\onedrive\code\opencv\openCV练习\船只流量统计测试\x64\Debug\opencv_highgui310d.pdb”中寻找)；正在链接对象，如同没有调试信息一样
     1>opencv_highgui310d.lib(opencv_highgui_pch.obj) : warning LNK4099: 未找到 PDB“opencv_highgui310d.pdb”(使用“opencv_highgui310d.lib(opencv_highgui_pch.obj)”或在“E:\资料\onedrive\code\opencv\openCV练习\船只流量统计测试\x64\Debug\opencv_highgui310d.pdb”中寻找)；正在链接对象，如同没有调试信息一样
     1>opencv_imgcodecs310d.lib(loadsave.obj) : warning LNK4099: 未找到 PDB“opencv_imgcodecs310d.pdb”(使用“opencv_imgcodecs310d.lib(loadsave.obj)”或在“E:\资料\onedrive\code\opencv\openCV练习\船只流量统计测试\x64\Debug\opencv_imgcodecs310d.pdb”中寻找)；正在链接对象，如同没有调试信息一样
     1>opencv_imgcodecs310d.lib(utils.obj) : warning LNK4099: 未找到 PDB“opencv_imgcodecs310d.pdb”(使用“opencv_imgcodecs310d.lib(utils.obj)”或在“E:\资料\onedrive\code\opencv\openCV练习\船只流量统计测试\x64\Debug\opencv_imgcodecs310d.pdb”中寻找)；正在链接对象，如同没有调试信息一样
     1>opencv_imgcodecs310d.lib(grfmt_base.obj) : warning LNK4099: 未找到 PDB“opencv_imgcodecs310d.pdb”(使用“opencv_imgcodecs310d.lib(grfmt_base.obj)”或在“E:\资料\onedrive\code\opencv\openCV练习\船只流量统计测试\x64\Debug\opencv_imgcodecs310d.pdb”中寻找)；正在链接对象，如同没有调试信息一样
     1>opencv_imgcodecs310d.lib(grfmt_bmp.obj) : warning LNK4099: 未找到 PDB“opencv_imgcodecs310d.pdb”(使用“opencv_imgcodecs310d.lib(grfmt_bmp.obj)”或在“E:\资料\onedrive\code\opencv\openCV练习\船只流量统计测试\x64\Debug\opencv_imgcodecs310d.pdb”中寻找)；正在链接对象，如同没有调试信息一样
     1>opencv_imgcodecs310d.lib(grfmt_exr.obj) : warning LNK4099: 未找到 PDB“opencv_imgcodecs310d.pdb”(使用“opencv_imgcodecs310d.lib(grfmt_exr.obj)”或在“E:\资料\onedrive\code\opencv\openCV练习\船只流量统计测试\x64\Debug\opencv_imgcodecs310d.pdb”中寻找)；正在链接对象，如同没有调试信息一样
     1>opencv_imgcodecs310d.lib(grfmt_hdr.obj) : warning LNK4099: 未找到 PDB“opencv_imgcodecs310d.pdb”(使用“opencv_imgcodecs310d.lib(grfmt_hdr.obj)”或在“E:\资料\onedrive\code\opencv\openCV练习\船只流量统计测试\x64\Debug\opencv_imgcodecs310d.pdb”中寻找)；正在链接对象，如同没有调试信息一样
     1>opencv_imgcodecs310d.lib(grfmt_jpeg.obj) : warning LNK4099: 未找到 PDB“opencv_imgcodecs310d.pdb”(使用“opencv_imgcodecs310d.lib(grfmt_jpeg.obj)”或在“E:\资料\onedrive\code\opencv\openCV练习\船只流量统计测试\x64\Debug\opencv_imgcodecs310d.pdb”中寻找)；正在链接对象，如同没有调试信息一样
     1>opencv_imgcodecs310d.lib(grfmt_jpeg2000.obj) : warning LNK4099: 未找到 PDB“opencv_imgcodecs310d.pdb”(使用“opencv_imgcodecs310d.lib(grfmt_jpeg2000.obj)”或在“E:\资料\onedrive\code\opencv\openCV练习\船只流量统计测试\x64\Debug\opencv_imgcodecs310d.pdb”中寻找)；正在链接对象，如同没有调试信息一样
     1>opencv_imgcodecs310d.lib(grfmt_png.obj) : warning LNK4099: 未找到 PDB“opencv_imgcodecs310d.pdb”(使用“opencv_imgcodecs310d.lib(grfmt_png.obj)”或在“E:\资料\onedrive\code\opencv\openCV练习\船只流量统计测试\x64\Debug\opencv_imgcodecs310d.pdb”中寻找)；正在链接对象，如同没有调试信息一样
     1>opencv_imgcodecs310d.lib(grfmt_pxm.obj) : warning LNK4099: 未找到 PDB“opencv_imgcodecs310d.pdb”(使用“opencv_imgcodecs310d.lib(grfmt_pxm.obj)”或在“E:\资料\onedrive\code\opencv\openCV练习\船只流量统计测试\x64\Debug\opencv_imgcodecs310d.pdb”中寻找)；正在链接对象，如同没有调试信息一样
     1>opencv_imgcodecs310d.lib(grfmt_sunras.obj) : warning LNK4099: 未找到 PDB“opencv_imgcodecs310d.pdb”(使用“opencv_imgcodecs310d.lib(grfmt_sunras.obj)”或在“E:\资料\onedrive\code\opencv\openCV练习\船只流量统计测试\x64\Debug\opencv_imgcodecs310d.pdb”中寻找)；正在链接对象，如同没有调试信息一样
     1>opencv_imgcodecs310d.lib(grfmt_tiff.obj) : warning LNK4099: 未找到 PDB“opencv_imgcodecs310d.pdb”(使用“opencv_imgcodecs310d.lib(grfmt_tiff.obj)”或在“E:\资料\onedrive\code\opencv\openCV练习\船只流量统计测试\x64\Debug\opencv_imgcodecs310d.pdb”中寻找)；正在链接对象，如同没有调试信息一样
     1>opencv_imgcodecs310d.lib(grfmt_webp.obj) : warning LNK4099: 未找到 PDB“opencv_imgcodecs310d.pdb”(使用“opencv_imgcodecs310d.lib(grfmt_webp.obj)”或在“E:\资料\onedrive\code\opencv\openCV练习\船只流量统计测试\x64\Debug\opencv_imgcodecs310d.pdb”中寻找)；正在链接对象，如同没有调试信息一样
     1>opencv_imgcodecs310d.lib(bitstrm.obj) : warning LNK4099: 未找到 PDB“opencv_imgcodecs310d.pdb”(使用“opencv_imgcodecs310d.lib(bitstrm.obj)”或在“E:\资料\onedrive\code\opencv\openCV练习\船只流量统计测试\x64\Debug\opencv_imgcodecs310d.pdb”中寻找)；正在链接对象，如同没有调试信息一样
     1>opencv_imgcodecs310d.lib(rgbe.obj) : warning LNK4099: 未找到 PDB“opencv_imgcodecs310d.pdb”(使用“opencv_imgcodecs310d.lib(rgbe.obj)”或在“E:\资料\onedrive\code\opencv\openCV练习\船只流量统计测试\x64\Debug\opencv_imgcodecs310d.pdb”中寻找)；正在链接对象，如同没有调试信息一样
     1>opencv_imgcodecs310d.lib(jpeg_exif.obj) : warning LNK4099: 未找到 PDB“opencv_imgcodecs310d.pdb”(使用“opencv_imgcodecs310d.lib(jpeg_exif.obj)”或在“E:\资料\onedrive\code\opencv\openCV练习\船只流量统计测试\x64\Debug\opencv_imgcodecs310d.pdb”中寻找)；正在链接对象，如同没有调试信息一样
     1>opencv_imgcodecs310d.lib(opencv_imgcodecs_pch.obj) : warning LNK4099: 未找到 PDB“opencv_imgcodecs310d.pdb”(使用“opencv_imgcodecs310d.lib(opencv_imgcodecs_pch.obj)”或在“E:\资料\onedrive\code\opencv\openCV练习\船只流量统计测试\x64\Debug\opencv_imgcodecs310d.pdb”中寻找)；正在链接对象，如同没有调试信息一样
     1>opencv_imgproc310d.lib(color.obj) : warning LNK4099: 未找到 PDB“opencv_imgproc310d.pdb”(使用“opencv_imgproc310d.lib(color.obj)”或在“E:\资料\onedrive\code\opencv\openCV练习\船只流量统计测试\x64\Debug\opencv_imgproc310d.pdb”中寻找)；正在链接对象，如同没有调试信息一样
     1>opencv_imgproc310d.lib(demosaicing.obj) : warning LNK4099: 未找到 PDB“opencv_imgproc310d.pdb”(使用“opencv_imgproc310d.lib(demosaicing.obj)”或在“E:\资料\onedrive\code\opencv\openCV练习\船只流量统计测试\x64\Debug\opencv_imgproc310d.pdb”中寻找)；正在链接对象，如同没有调试信息一样
     1>opencv_imgproc310d.lib(drawing.obj) : warning LNK4099: 未找到 PDB“opencv_imgproc310d.pdb”(使用“opencv_imgproc310d.lib(drawing.obj)”或在“E:\资料\onedrive\code\opencv\openCV练习\船只流量统计测试\x64\Debug\opencv_imgproc310d.pdb”中寻找)；正在链接对象，如同没有调试信息一样
     1>opencv_imgproc310d.lib(hershey_fonts.obj) : warning LNK4099: 未找到 PDB“opencv_imgproc310d.pdb”(使用“opencv_imgproc310d.lib(hershey_fonts.obj)”或在“E:\资料\onedrive\code\opencv\openCV练习\船只流量统计测试\x64\Debug\opencv_imgproc310d.pdb”中寻找)；正在链接对象，如同没有调试信息一样
     1>opencv_imgproc310d.lib(imgwarp.obj) : warning LNK4099: 未找到 PDB“opencv_imgproc310d.pdb”(使用“opencv_imgproc310d.lib(imgwarp.obj)”或在“E:\资料\onedrive\code\opencv\openCV练习\船只流量统计测试\x64\Debug\opencv_imgproc310d.pdb”中寻找)；正在链接对象，如同没有调试信息一样
     1>opencv_imgproc310d.lib(tables.obj) : warning LNK4099: 未找到 PDB“opencv_imgproc310d.pdb”(使用“opencv_imgproc310d.lib(tables.obj)”或在“E:\资料\onedrive\code\opencv\openCV练习\船只流量统计测试\x64\Debug\opencv_imgproc310d.pdb”中寻找)；正在链接对象，如同没有调试信息一样
     1>opencv_imgproc310d.lib(opencl_kernels_imgproc.obj) : warning LNK4099: 未找到 PDB“opencv_imgproc310d.pdb”(使用“opencv_imgproc310d.lib(opencl_kernels_imgproc.obj)”或在“E:\资料\onedrive\code\opencv\openCV练习\船只流量统计测试\x64\Debug\opencv_imgproc310d.pdb”中寻找)；正在链接对象，如同没有调试信息一样
     1>opencv_imgproc310d.lib(opencv_imgproc_pch.obj) : warning LNK4099: 未找到 PDB“opencv_imgproc310d.pdb”(使用“opencv_imgproc310d.lib(opencv_imgproc_pch.obj)”或在“E:\资料\onedrive\code\opencv\openCV练习\船只流量统计测试\x64\Debug\opencv_imgproc310d.pdb”中寻找)；正在链接对象，如同没有调试信息一样
     1>zlibd.lib(adler32.obj) : warning LNK4099: 未找到 PDB“zlibd.pdb”(使用“zlibd.lib(adler32.obj)”或在“E:\资料\onedrive\code\opencv\openCV练习\船只流量统计测试\x64\Debug\zlibd.pdb”中寻找)；正在链接对象，如同没有调试信息一样
     1>zlibd.lib(compress.obj) : warning LNK4099: 未找到 PDB“zlibd.pdb”(使用“zlibd.lib(compress.obj)”或在“E:\资料\onedrive\code\opencv\openCV练习\船只流量统计测试\x64\Debug\zlibd.pdb”中寻找)；正在链接对象，如同没有调试信息一样
     1>zlibd.lib(crc32.obj) : warning LNK4099: 未找到 PDB“zlibd.pdb”(使用“zlibd.lib(crc32.obj)”或在“E:\资料\onedrive\code\opencv\openCV练习\船只流量统计测试\x64\Debug\zlibd.pdb”中寻找)；正在链接对象，如同没有调试信息一样
     1>zlibd.lib(deflate.obj) : warning LNK4099: 未找到 PDB“zlibd.pdb”(使用“zlibd.lib(deflate.obj)”或在“E:\资料\onedrive\code\opencv\openCV练习\船只流量统计测试\x64\Debug\zlibd.pdb”中寻找)；正在链接对象，如同没有调试信息一样
     1>zlibd.lib(gzclose.obj) : warning LNK4099: 未找到 PDB“zlibd.pdb”(使用“zlibd.lib(gzclose.obj)”或在“E:\资料\onedrive\code\opencv\openCV练习\船只流量统计测试\x64\Debug\zlibd.pdb”中寻找)；正在链接对象，如同没有调试信息一样
     1>zlibd.lib(gzlib.obj) : warning LNK4099: 未找到 PDB“zlibd.pdb”(使用“zlibd.lib(gzlib.obj)”或在“E:\资料\onedrive\code\opencv\openCV练习\船只流量统计测试\x64\Debug\zlibd.pdb”中寻找)；正在链接对象，如同没有调试信息一样
     1>zlibd.lib(gzread.obj) : warning LNK4099: 未找到 PDB“zlibd.pdb”(使用“zlibd.lib(gzread.obj)”或在“E:\资料\onedrive\code\opencv\openCV练习\船只流量统计测试\x64\Debug\zlibd.pdb”中寻找)；正在链接对象，如同没有调试信息一样
     1>zlibd.lib(gzwrite.obj) : warning LNK4099: 未找到 PDB“zlibd.pdb”(使用“zlibd.lib(gzwrite.obj)”或在“E:\资料\onedrive\code\opencv\openCV练习\船只流量统计测试\x64\Debug\zlibd.pdb”中寻找)；正在链接对象，如同没有调试信息一样
     1>zlibd.lib(inflate.obj) : warning LNK4099: 未找到 PDB“zlibd.pdb”(使用“zlibd.lib(inflate.obj)”或在“E:\资料\onedrive\code\opencv\openCV练习\船只流量统计测试\x64\Debug\zlibd.pdb”中寻找)；正在链接对象，如同没有调试信息一样
     1>zlibd.lib(inftrees.obj) : warning LNK4099: 未找到 PDB“zlibd.pdb”(使用“zlibd.lib(inftrees.obj)”或在“E:\资料\onedrive\code\opencv\openCV练习\船只流量统计测试\x64\Debug\zlibd.pdb”中寻找)；正在链接对象，如同没有调试信息一样
     1>zlibd.lib(inffast.obj) : warning LNK4099: 未找到 PDB“zlibd.pdb”(使用“zlibd.lib(inffast.obj)”或在“E:\资料\onedrive\code\opencv\openCV练习\船只流量统计测试\x64\Debug\zlibd.pdb”中寻找)；正在链接对象，如同没有调试信息一样
     1>zlibd.lib(trees.obj) : warning LNK4099: 未找到 PDB“zlibd.pdb”(使用“zlibd.lib(trees.obj)”或在“E:\资料\onedrive\code\opencv\openCV练习\船只流量统计测试\x64\Debug\zlibd.pdb”中寻找)；正在链接对象，如同没有调试信息一样
     1>zlibd.lib(uncompr.obj) : warning LNK4099: 未找到 PDB“zlibd.pdb”(使用“zlibd.lib(uncompr.obj)”或在“E:\资料\onedrive\code\opencv\openCV练习\船只流量统计测试\x64\Debug\zlibd.pdb”中寻找)；正在链接对象，如同没有调试信息一样
     1>zlibd.lib(zutil.obj) : warning LNK4099: 未找到 PDB“zlibd.pdb”(使用“zlibd.lib(zutil.obj)”或在“E:\资料\onedrive\code\opencv\openCV练习\船只流量统计测试\x64\Debug\zlibd.pdb”中寻找)；正在链接对象，如同没有调试信息一样
         cutImgByHand.vcxproj -> E:\资料\onedrive\code\opencv\openCV练习\船只流量统计测试\x64\Debug\cutImgByHand.exe
     1>已完成生成项目“E:\资料\onedrive\code\opencv\openCV练习\cutImgByHand\cutImgByHand.vcxproj”(Rebuild 个目标)的操作。

生成成功。

已用时间 00:00:10.60
