生成启动时间为 2016/3/22 0:50:42。
     1>项目“E:\资料\onedrive\code\opencv\openCV练习\cutImgByHand\cutImgByHand.vcxproj”在节点 2 上(Rebuild 个目标)。
     1>ClCompile:
         D:\Program Files\Microsoft Visual Studio 12.0\VC\bin\CL.exe /c /Zi /nologo /W3 /WX- /O2 /Oi /Oy- /GL /D WIN32 /D NDEBUG /D _CONSOLE /D _LIB /D _UNICODE /D UNICODE /Gm- /EHsc /MTd /GS /Gy /fp:precise /Zc:wchar_t /Zc:forScope /Fo"Release\\" /Fd"Release\vc120.pdb" /Gd /TP /analyze- /errorReport:prompt cutImg.cpp tinystr.cpp tinyxml.cpp tinyxmlerror.cpp tinyxmlparser.cpp
         cutImg.cpp
         tinystr.cpp
         tinyxml.cpp
         tinyxmlerror.cpp
         tinyxmlparser.cpp
       Link:
         D:\Program Files\Microsoft Visual Studio 12.0\VC\bin\link.exe /ERRORREPORT:PROMPT /OUT:"E:\资料\onedrive\code\opencv\openCV练习\cutImgByHand\Release\cutImgByHand.exe" /INCREMENTAL:NO /NOLOGO IlmImfd.lib zlibd.lib libjasperd.lib libjpegd.lib libpngd.lib libtiffd.lib opencv_calib3d249d.lib opencv_contrib249d.lib opencv_core249d.lib opencv_features2d249d.lib opencv_flann249d.lib opencv_gpu249d.lib opencv_highgui249d.lib opencv_imgproc249d.lib opencv_legacy249d.lib opencv_ml249d.lib opencv_nonfree249d.lib opencv_objdetect249d.lib opencv_ocl249d.lib opencv_photo249d.lib opencv_stitching249d.lib opencv_superres249d.lib opencv_ts249d.lib opencv_video249d.lib opencv_videostab249d.lib kernel32.lib user32.lib gdi32.lib winspool.lib comdlg32.lib advapi32.lib shell32.lib ole32.lib oleaut32.lib uuid.lib odbc32.lib odbccp32.lib /MANIFEST /MANIFESTUAC:"level='asInvoker' uiAccess='false'" /manifest:embed /DEBUG /PDB:"E:\资料\onedrive\code\opencv\openCV练习\cutImgByHand\Release\cutImgByHand.pdb" /SUBSYSTEM:CONSOLE /OPT:REF /OPT:ICF /LTCG /TLBID:1 /DYNAMICBASE /NXCOMPAT /IMPLIB:"E:\资料\onedrive\code\opencv\openCV练习\cutImgByHand\Release\cutImgByHand.lib" /MACHINE:X86 /SAFESEH Release\cutImg.obj
         Release\tinystr.obj
         Release\tinyxml.obj
         Release\tinyxmlerror.obj
         Release\tinyxmlparser.obj
         正在生成代码
         已完成代码的生成
         cutImgByHand.vcxproj -> E:\资料\onedrive\code\opencv\openCV练习\cutImgByHand\Release\cutImgByHand.exe
     1>已完成生成项目“E:\资料\onedrive\code\opencv\openCV练习\cutImgByHand\cutImgByHand.vcxproj”(Rebuild 个目标)的操作。

生成成功。

已用时间 00:00:04.67
